Visual Studio Code (1.90.1, undefined, desktop)
Jupyter Extension Version: 2024.5.0.
Python Extension Version: 2024.8.1.
Pylance Extension Version: 2024.6.1.
Platform: linux (x64).
No workspace folder opened.
07:44:42.321 [warn] Exception while attempting zmq : libstdc++.so.6: cannot open shared object file: No such file or directory
07:44:42.322 [warn] Exception while attempting zmq (fallback) : libstdc++.so.6: cannot open shared object file: No such file or directory
07:45:23.320 [info] Starting Kernel (Python 3 (ipykernel)) for '~/git/~ht.com/notebooks/tailscale_all/notebook.ipynb' (disableUI=false)
07:45:23.389 [info] http://localhost:8888/: Kernel started: da5c80cd-f502-4541-8318-f5af760674f9
07:45:24.144 [info] Started session for kernel startUsingRemoteKernelSpec:3853f239a29b6f054d9cb77338442605ef8708bd3ea56ff4400e163d845cda2f..python3./gnu/store/1w5v338qk5m8khcazwclprs3znqp6f7f-python-3.10.7/bin/python3././gnu/store/1w5v338qk5m8khcazwclprs3znqp6f7f-python-3.10.7/bin/python3#-m#ipykernel_launcher#-f#{connection_file}
07:45:24.149 [warn] Kernel completions not enabled for 'Python 3 (ipykernel)'. 
To enable Kernel completion for this language please add the following setting 
jupyter.completionTriggerCharacters = {/gnu/store/1w5v338qk5m8khcazwclprs3znqp6f7f-python-3.10.7/bin/python3: [<List of characters that will trigger completions>]}. 
For more information please see https://aka.ms/vscodeJupyterCompletion
07:45:24.150 [info] Kernel successfully started
07:45:24.208 [warn] Cell completed with errors hd [Error]: invalid decimal literal (340664528.py, line 13)
    at r.execute (/home/~/.vscode/extensions/ms-toolsai.jupyter-2024.5.0-linux-x64/dist/extension.node.js:307:4958)
    at processTicksAndRejections (node:internal/process/task_queues:95:5) {
  ename: 'SyntaxError',
  evalue: 'invalid decimal literal (340664528.py, line 13)',
  traceback: [
    '\x1B[0;36m  Cell \x1B[0;32mIn [1], line 13\x1B[0;36m\x1B[0m\n' +
      '\x1B[0;31m    storage: 10Mi\x1B[0m\n' +
      '\x1B[0m              ^\x1B[0m\n' +
      '\x1B[0;31mSyntaxError\x1B[0m\x1B[0;31m:\x1B[0m invalid decimal literal\n'
  ]
}
07:53:34.918 [info] Dispose Kernel '~/git/~ht.com/notebooks/tailscale_all/notebook.ipynb' associated with '~/git/~ht.com/notebooks/tailscale_all/notebook.ipynb'
