Visual Studio Code (1.90.1, undefined, desktop)
Jupyter Extension Version: 2024.5.0.
Python Extension Version: 2024.8.1.
Pylance Extension Version: 2024.6.1.
Platform: linux (x64).
No workspace folder opened.
07:53:52.982 [warn] Exception while attempting zmq : libstdc++.so.6: cannot open shared object file: No such file or directory
07:53:52.983 [warn] Exception while attempting zmq (fallback) : libstdc++.so.6: cannot open shared object file: No such file or directory
07:53:53.107 [info] Attempting to start a server because of preload conditions ...
07:53:53.781 [info] Attempting to start a server because of preload conditions ...
07:53:54.156 [info] Starting Kernel () for '~/git/~ht.com/notebooks/tailscale_all/notebook.ipynb' (disableUI=true)
07:53:54.493 [warn] Failed to get activated env vars for /bin/python3 in 706ms
07:53:54.505 [info] Process Execution: /bin/python3 -c "import site;print("USER_BASE_VALUE");print(site.USER_BASE);print("USER_BASE_VALUE");"
07:53:54.527 [info] Process Execution: /bin/python3 -c "import jupyter;print('6af208d0-cb9c-427f-b937-ff563e17efdf')"
07:53:54.536 [info] Process Execution: /bin/python3 -c "import notebook;print('6af208d0-cb9c-427f-b937-ff563e17efdf')"
07:53:54.621 [warn] Failed to get activated env vars for /bin/python3 in 5ms
07:53:54.629 [info] Process Execution: /bin/python3 -c "import jupyter;print('6af208d0-cb9c-427f-b937-ff563e17efdf')"
07:53:54.637 [info] Process Execution: /bin/python3 -c "import notebook;print('6af208d0-cb9c-427f-b937-ff563e17efdf')"
07:53:54.649 [error] Error starting server in serverPreload:  Error: Jupyter cannot be started. Error attempting to locate Jupyter: Running cells with 'Python 3.11.2' requires the jupyter and notebook package.
    > at by.startServerImpl (/home/~/.vscode/extensions/ms-toolsai.jupyter-2024.5.0-linux-x64/dist/extension.node.js:291:9975)
07:53:54.649 [error] Error starting server in serverPreload:  Error: Jupyter cannot be started. Error attempting to locate Jupyter: Running cells with 'Python 3.11.2' requires the jupyter and notebook package.
    > at by.startServerImpl (/home/~/.vscode/extensions/ms-toolsai.jupyter-2024.5.0-linux-x64/dist/extension.node.js:291:9975)
07:53:57.298 [info] Started session for kernel connectToLiveRemoteKernel:da5c80cd-f502-4541-8318-f5af760674f9
07:53:57.301 [warn] Kernel completions not enabled for 'Python 3 (ipykernel) (notebook.ipynb)'. 
To enable Kernel completion for this language please add the following setting 
jupyter.completionTriggerCharacters = {/gnu/store/1w5v338qk5m8khcazwclprs3znqp6f7f-python-3.10.7/bin/python3: [<List of characters that will trigger completions>]}. 
For more information please see https://aka.ms/vscodeJupyterCompletion
07:53:57.302 [info] Kernel successfully started
07:56:37.365 [info] Interrupt kernel execution
07:56:37.366 [info] Interrupt requested ~/git/~ht.com/notebooks/tailscale_all/notebook.ipynb
07:56:37.366 [info] Interrupt kernel execution
07:56:37.367 [info] Interrupting kernel: python3
07:56:37.582 [info] Interrupt requested & sent for ~/git/~ht.com/notebooks/tailscale_all/notebook.ipynb in notebookEditor.
07:56:53.320 [info] Disposing request as the cell (-1) was deleted ~/git/~ht.com/notebooks/tailscale_all/notebook.ipynb
08:15:34.297 [info] Disposing request as the cell (-1) was deleted ~/git/~ht.com/notebooks/tailscale_all/notebook.ipynb
08:15:36.356 [warn] Cell completed with errors hd [Error]: invalid syntax (1566261000.py, line 1)
    at r.execute (/home/~/.vscode/extensions/ms-toolsai.jupyter-2024.5.0-linux-x64/dist/extension.node.js:307:4958)
    at processTicksAndRejections (node:internal/process/task_queues:95:5) {
  ename: 'SyntaxError',
  evalue: 'invalid syntax (1566261000.py, line 1)',
  traceback: [
    '\x1B[0;36m  Cell \x1B[0;32mIn [33], line 1\x1B[0;36m\x1B[0m\n' +
      '\x1B[0;31m    todo https://github.com/asciinema/discussions/issues/40\x1B[0m\n' +
      '\x1B[0m         ^\x1B[0m\n' +
      '\x1B[0;31mSyntaxError\x1B[0m\x1B[0;31m:\x1B[0m invalid syntax\n'
  ]
}
08:16:13.385 [warn] Cell completed with errors hd [Error]: invalid syntax (3982882074.py, line 1)
    at r.execute (/home/~/.vscode/extensions/ms-toolsai.jupyter-2024.5.0-linux-x64/dist/extension.node.js:307:4958)
    at processTicksAndRejections (node:internal/process/task_queues:95:5) {
  ename: 'SyntaxError',
  evalue: 'invalid syntax (3982882074.py, line 1)',
  traceback: [
    '\x1B[0;36m  Cell \x1B[0;32mIn [34], line 1\x1B[0;36m\x1B[0m\n' +
      '\x1B[0;31m    Found it! Caddy is still accessible from the Tailscale pod, but no DNS name like they would in Docker land.\x1B[0m\n' +
      '\x1B[0m          ^\x1B[0m\n' +
      '\x1B[0;31mSyntaxError\x1B[0m\x1B[0;31m:\x1B[0m invalid syntax\n'
  ]
}
08:16:15.818 [info] Disposing request as the cell (-1) was deleted ~/git/~ht.com/notebooks/tailscale_all/notebook.ipynb
08:18:43.408 [info] Disposing request as the cell (-1) was deleted ~/git/~ht.com/notebooks/tailscale_all/notebook.ipynb
08:19:10.888 [warn] Cell completed with errors hd [Error]: invalid syntax (1566261000.py, line 1)
    at r.execute (/home/~/.vscode/extensions/ms-toolsai.jupyter-2024.5.0-linux-x64/dist/extension.node.js:307:4958)
    at processTicksAndRejections (node:internal/process/task_queues:95:5) {
  ename: 'SyntaxError',
  evalue: 'invalid syntax (1566261000.py, line 1)',
  traceback: [
    '\x1B[0;36m  Cell \x1B[0;32mIn [36], line 1\x1B[0;36m\x1B[0m\n' +
      '\x1B[0;31m    todo https://github.com/asciinema/discussions/issues/40\x1B[0m\n' +
      '\x1B[0m         ^\x1B[0m\n' +
      '\x1B[0;31mSyntaxError\x1B[0m\x1B[0;31m:\x1B[0m invalid syntax\n'
  ]
}
08:21:45.125 [info] Disposing request as the cell (-1) was deleted ~/git/~ht.com/notebooks/tailscale_all/notebook.ipynb
08:21:45.125 [info] Disposing request as the cell (-1) was deleted ~/git/~ht.com/notebooks/tailscale_all/notebook.ipynb
08:21:52.234 [info] Disposing request as the cell (-1) was deleted ~/git/~ht.com/notebooks/tailscale_all/notebook.ipynb
08:21:53.244 [info] Disposing request as the cell (-1) was deleted ~/git/~ht.com/notebooks/tailscale_all/notebook.ipynb
08:21:53.245 [info] Disposing request as the cell (-1) was deleted ~/git/~ht.com/notebooks/tailscale_all/notebook.ipynb
08:21:53.245 [info] Disposing request as the cell (-1) was deleted ~/git/~ht.com/notebooks/tailscale_all/notebook.ipynb
08:21:54.271 [info] Disposing request as the cell (-1) was deleted ~/git/~ht.com/notebooks/tailscale_all/notebook.ipynb
08:29:08.184 [info] Disposing request as the cell (-1) was deleted ~/git/~ht.com/notebooks/tailscale_all/notebook.ipynb
08:29:08.184 [info] Disposing request as the cell (-1) was deleted ~/git/~ht.com/notebooks/tailscale_all/notebook.ipynb
08:29:58.192 [info] Disposing request as the cell (-1) was deleted ~/git/~ht.com/notebooks/tailscale_all/notebook.ipynb
08:41:50.061 [info] Disposing request as the cell (-1) was deleted ~/git/~ht.com/notebooks/tailscale_all/notebook.ipynb
08:41:53.808 [info] Disposing request as the cell (-1) was deleted ~/git/~ht.com/notebooks/tailscale_all/notebook.ipynb
09:26:15.077 [info] Disposing request as the cell (-1) was deleted ~/git/~ht.com/notebooks/tailscale_all/notebook.ipynb
09:26:22.451 [info] Disposing request as the cell (-1) was deleted ~/git/~ht.com/notebooks/tailscale_all/notebook.ipynb
09:26:25.803 [info] Disposing request as the cell (-1) was deleted ~/git/~ht.com/notebooks/tailscale_all/notebook.ipynb
09:26:25.804 [info] Disposing request as the cell (-1) was deleted ~/git/~ht.com/notebooks/tailscale_all/notebook.ipynb
09:26:25.804 [info] Disposing request as the cell (-1) was deleted ~/git/~ht.com/notebooks/tailscale_all/notebook.ipynb
09:26:25.804 [info] Disposing request as the cell (-1) was deleted ~/git/~ht.com/notebooks/tailscale_all/notebook.ipynb
09:26:25.804 [info] Disposing request as the cell (-1) was deleted ~/git/~ht.com/notebooks/tailscale_all/notebook.ipynb
09:26:25.804 [info] Disposing request as the cell (-1) was deleted ~/git/~ht.com/notebooks/tailscale_all/notebook.ipynb
19:37:50.420 [info] Disposing request as the cell (0) was deleted ~/git/~ht.com/notebooks/tailscale_all/notebook.ipynb
19:37:50.421 [info] Disposing request as the cell (8) was deleted ~/git/~ht.com/notebooks/tailscale_all/notebook.ipynb
19:37:50.422 [info] Disposing request as the cell (9) was deleted ~/git/~ht.com/notebooks/tailscale_all/notebook.ipynb
19:37:50.422 [info] Disposing request as the cell (14) was deleted ~/git/~ht.com/notebooks/tailscale_all/notebook.ipynb
19:37:50.423 [info] Disposing request as the cell (15) was deleted ~/git/~ht.com/notebooks/tailscale_all/notebook.ipynb
19:37:50.423 [info] Disposing request as the cell (15) was deleted ~/git/~ht.com/notebooks/tailscale_all/notebook.ipynb
19:37:50.423 [info] Disposing request as the cell (16) was deleted ~/git/~ht.com/notebooks/tailscale_all/notebook.ipynb
19:37:50.423 [info] Disposing request as the cell (16) was deleted ~/git/~ht.com/notebooks/tailscale_all/notebook.ipynb
19:37:50.424 [info] Disposing request as the cell (19) was deleted ~/git/~ht.com/notebooks/tailscale_all/notebook.ipynb
19:37:50.424 [info] Disposing request as the cell (19) was deleted ~/git/~ht.com/notebooks/tailscale_all/notebook.ipynb
19:37:50.424 [info] Disposing request as the cell (21) was deleted ~/git/~ht.com/notebooks/tailscale_all/notebook.ipynb
19:37:50.424 [info] Disposing request as the cell (21) was deleted ~/git/~ht.com/notebooks/tailscale_all/notebook.ipynb
19:37:50.424 [info] Disposing request as the cell (21) was deleted ~/git/~ht.com/notebooks/tailscale_all/notebook.ipynb
19:37:50.424 [info] Disposing request as the cell (21) was deleted ~/git/~ht.com/notebooks/tailscale_all/notebook.ipynb
19:37:50.424 [info] Disposing request as the cell (21) was deleted ~/git/~ht.com/notebooks/tailscale_all/notebook.ipynb
19:37:50.424 [info] Disposing request as the cell (21) was deleted ~/git/~ht.com/notebooks/tailscale_all/notebook.ipynb
19:37:50.425 [info] Disposing request as the cell (22) was deleted ~/git/~ht.com/notebooks/tailscale_all/notebook.ipynb
19:37:50.425 [info] Disposing request as the cell (22) was deleted ~/git/~ht.com/notebooks/tailscale_all/notebook.ipynb
19:37:50.425 [info] Disposing request as the cell (22) was deleted ~/git/~ht.com/notebooks/tailscale_all/notebook.ipynb
19:37:50.425 [info] Disposing request as the cell (22) was deleted ~/git/~ht.com/notebooks/tailscale_all/notebook.ipynb
19:37:50.425 [info] Disposing request as the cell (22) was deleted ~/git/~ht.com/notebooks/tailscale_all/notebook.ipynb
19:37:50.425 [info] Disposing request as the cell (22) was deleted ~/git/~ht.com/notebooks/tailscale_all/notebook.ipynb
19:37:50.425 [info] Disposing request as the cell (23) was deleted ~/git/~ht.com/notebooks/tailscale_all/notebook.ipynb
19:37:50.425 [info] Disposing request as the cell (25) was deleted ~/git/~ht.com/notebooks/tailscale_all/notebook.ipynb
19:37:50.425 [info] Disposing request as the cell (25) was deleted ~/git/~ht.com/notebooks/tailscale_all/notebook.ipynb
19:37:50.426 [info] Disposing request as the cell (26) was deleted ~/git/~ht.com/notebooks/tailscale_all/notebook.ipynb
19:37:50.426 [info] Disposing request as the cell (26) was deleted ~/git/~ht.com/notebooks/tailscale_all/notebook.ipynb
19:37:50.426 [info] Disposing request as the cell (26) was deleted ~/git/~ht.com/notebooks/tailscale_all/notebook.ipynb
19:37:50.426 [info] Disposing request as the cell (26) was deleted ~/git/~ht.com/notebooks/tailscale_all/notebook.ipynb
19:37:50.426 [info] Disposing request as the cell (26) was deleted ~/git/~ht.com/notebooks/tailscale_all/notebook.ipynb
19:37:50.426 [info] Disposing request as the cell (26) was deleted ~/git/~ht.com/notebooks/tailscale_all/notebook.ipynb
19:37:50.426 [info] Disposing request as the cell (26) was deleted ~/git/~ht.com/notebooks/tailscale_all/notebook.ipynb
19:37:50.426 [info] Disposing request as the cell (26) was deleted ~/git/~ht.com/notebooks/tailscale_all/notebook.ipynb
19:37:50.427 [info] Disposing request as the cell (26) was deleted ~/git/~ht.com/notebooks/tailscale_all/notebook.ipynb
19:37:50.427 [info] Disposing request as the cell (26) was deleted ~/git/~ht.com/notebooks/tailscale_all/notebook.ipynb
19:37:50.427 [info] Disposing request as the cell (26) was deleted ~/git/~ht.com/notebooks/tailscale_all/notebook.ipynb
19:37:50.427 [info] Disposing request as the cell (26) was deleted ~/git/~ht.com/notebooks/tailscale_all/notebook.ipynb
19:37:50.427 [info] Disposing request as the cell (26) was deleted ~/git/~ht.com/notebooks/tailscale_all/notebook.ipynb
19:37:50.427 [info] Disposing request as the cell (26) was deleted ~/git/~ht.com/notebooks/tailscale_all/notebook.ipynb
19:37:50.427 [info] Disposing request as the cell (26) was deleted ~/git/~ht.com/notebooks/tailscale_all/notebook.ipynb
19:37:50.427 [info] Disposing request as the cell (26) was deleted ~/git/~ht.com/notebooks/tailscale_all/notebook.ipynb
19:37:50.427 [info] Disposing request as the cell (26) was deleted ~/git/~ht.com/notebooks/tailscale_all/notebook.ipynb
19:37:50.427 [info] Disposing request as the cell (26) was deleted ~/git/~ht.com/notebooks/tailscale_all/notebook.ipynb
19:37:50.427 [info] Disposing request as the cell (26) was deleted ~/git/~ht.com/notebooks/tailscale_all/notebook.ipynb
19:37:50.427 [info] Disposing request as the cell (26) was deleted ~/git/~ht.com/notebooks/tailscale_all/notebook.ipynb
19:37:50.427 [info] Disposing request as the cell (27) was deleted ~/git/~ht.com/notebooks/tailscale_all/notebook.ipynb
19:37:50.427 [info] Disposing request as the cell (27) was deleted ~/git/~ht.com/notebooks/tailscale_all/notebook.ipynb
19:37:50.427 [info] Disposing request as the cell (27) was deleted ~/git/~ht.com/notebooks/tailscale_all/notebook.ipynb
19:37:50.428 [info] Disposing request as the cell (27) was deleted ~/git/~ht.com/notebooks/tailscale_all/notebook.ipynb
19:37:50.428 [info] Disposing request as the cell (27) was deleted ~/git/~ht.com/notebooks/tailscale_all/notebook.ipynb
19:37:50.428 [info] Disposing request as the cell (27) was deleted ~/git/~ht.com/notebooks/tailscale_all/notebook.ipynb
19:37:50.428 [info] Disposing request as the cell (27) was deleted ~/git/~ht.com/notebooks/tailscale_all/notebook.ipynb
19:37:50.428 [info] Disposing request as the cell (27) was deleted ~/git/~ht.com/notebooks/tailscale_all/notebook.ipynb
19:37:50.428 [info] Disposing request as the cell (27) was deleted ~/git/~ht.com/notebooks/tailscale_all/notebook.ipynb
19:37:50.428 [info] Disposing request as the cell (27) was deleted ~/git/~ht.com/notebooks/tailscale_all/notebook.ipynb
19:37:50.428 [info] Disposing request as the cell (27) was deleted ~/git/~ht.com/notebooks/tailscale_all/notebook.ipynb
19:37:50.428 [info] Disposing request as the cell (27) was deleted ~/git/~ht.com/notebooks/tailscale_all/notebook.ipynb
19:37:50.428 [info] Disposing request as the cell (27) was deleted ~/git/~ht.com/notebooks/tailscale_all/notebook.ipynb
19:37:50.428 [info] Disposing request as the cell (27) was deleted ~/git/~ht.com/notebooks/tailscale_all/notebook.ipynb
19:37:50.428 [info] Disposing request as the cell (27) was deleted ~/git/~ht.com/notebooks/tailscale_all/notebook.ipynb
19:37:50.428 [info] Disposing request as the cell (27) was deleted ~/git/~ht.com/notebooks/tailscale_all/notebook.ipynb
19:37:50.428 [info] Disposing request as the cell (27) was deleted ~/git/~ht.com/notebooks/tailscale_all/notebook.ipynb
19:37:50.428 [info] Disposing request as the cell (27) was deleted ~/git/~ht.com/notebooks/tailscale_all/notebook.ipynb
19:37:50.428 [info] Disposing request as the cell (27) was deleted ~/git/~ht.com/notebooks/tailscale_all/notebook.ipynb
19:37:50.428 [info] Disposing request as the cell (27) was deleted ~/git/~ht.com/notebooks/tailscale_all/notebook.ipynb
19:37:50.428 [info] Disposing request as the cell (27) was deleted ~/git/~ht.com/notebooks/tailscale_all/notebook.ipynb
19:37:50.428 [info] Disposing request as the cell (27) was deleted ~/git/~ht.com/notebooks/tailscale_all/notebook.ipynb
19:37:50.429 [info] Disposing request as the cell (27) was deleted ~/git/~ht.com/notebooks/tailscale_all/notebook.ipynb
19:37:50.429 [info] Disposing request as the cell (27) was deleted ~/git/~ht.com/notebooks/tailscale_all/notebook.ipynb
19:37:50.429 [info] Disposing request as the cell (27) was deleted ~/git/~ht.com/notebooks/tailscale_all/notebook.ipynb
19:37:50.429 [info] Disposing request as the cell (27) was deleted ~/git/~ht.com/notebooks/tailscale_all/notebook.ipynb
19:37:50.429 [info] Disposing request as the cell (28) was deleted ~/git/~ht.com/notebooks/tailscale_all/notebook.ipynb
19:37:50.429 [info] Disposing request as the cell (28) was deleted ~/git/~ht.com/notebooks/tailscale_all/notebook.ipynb
19:37:50.429 [info] Disposing request as the cell (28) was deleted ~/git/~ht.com/notebooks/tailscale_all/notebook.ipynb
19:37:50.429 [info] Disposing request as the cell (28) was deleted ~/git/~ht.com/notebooks/tailscale_all/notebook.ipynb
19:37:50.429 [info] Disposing request as the cell (28) was deleted ~/git/~ht.com/notebooks/tailscale_all/notebook.ipynb
19:37:50.429 [info] Disposing request as the cell (28) was deleted ~/git/~ht.com/notebooks/tailscale_all/notebook.ipynb
19:37:50.429 [info] Disposing request as the cell (28) was deleted ~/git/~ht.com/notebooks/tailscale_all/notebook.ipynb
19:37:50.429 [info] Disposing request as the cell (28) was deleted ~/git/~ht.com/notebooks/tailscale_all/notebook.ipynb
19:37:50.430 [info] Disposing request as the cell (28) was deleted ~/git/~ht.com/notebooks/tailscale_all/notebook.ipynb
19:37:50.430 [info] Disposing request as the cell (28) was deleted ~/git/~ht.com/notebooks/tailscale_all/notebook.ipynb
19:37:50.430 [info] Disposing request as the cell (29) was deleted ~/git/~ht.com/notebooks/tailscale_all/notebook.ipynb
19:37:50.430 [info] Disposing request as the cell (29) was deleted ~/git/~ht.com/notebooks/tailscale_all/notebook.ipynb
19:37:50.430 [info] Disposing request as the cell (31) was deleted ~/git/~ht.com/notebooks/tailscale_all/notebook.ipynb
19:37:50.430 [info] Disposing request as the cell (31) was deleted ~/git/~ht.com/notebooks/tailscale_all/notebook.ipynb
19:37:50.430 [info] Disposing request as the cell (31) was deleted ~/git/~ht.com/notebooks/tailscale_all/notebook.ipynb
19:37:50.431 [info] Disposing request as the cell (31) was deleted ~/git/~ht.com/notebooks/tailscale_all/notebook.ipynb
19:37:50.431 [info] Disposing request as the cell (31) was deleted ~/git/~ht.com/notebooks/tailscale_all/notebook.ipynb
19:37:50.431 [info] Disposing request as the cell (31) was deleted ~/git/~ht.com/notebooks/tailscale_all/notebook.ipynb
19:37:50.431 [info] Disposing request as the cell (31) was deleted ~/git/~ht.com/notebooks/tailscale_all/notebook.ipynb
19:37:50.431 [info] Disposing request as the cell (31) was deleted ~/git/~ht.com/notebooks/tailscale_all/notebook.ipynb
19:37:50.431 [info] Dispose Kernel '~/git/~ht.com/notebooks/tailscale_all/notebook.ipynb' associated with '~/git/~ht.com/notebooks/tailscale_all/notebook.ipynb'
19:37:56.135 [info] Dispose Kernel '~/git/~ht.com/notebooks/tailscale_all/notebook.ipynb' associated with '~/git/~ht.com/notebooks/tailscale_all/notebook.ipynb'
