2024-06-24 07:44:42.806 [info] Experiment 'pythonCreateEnvOnPipInstall' is active
2024-06-24 07:44:42.806 [info] Experiment 'pythonRecommendTensorboardExt' is active
2024-06-24 07:44:42.806 [info] Experiment 'pythonSurveyNotificationcf' is active
2024-06-24 07:44:42.806 [info] Experiment 'pythonTerminalEnvVarActivation' is active
2024-06-24 07:44:42.806 [info] Experiment 'pythonTestAdapter' is active
2024-06-24 07:44:42.806 [error] Not allowed to refresh environments in an untrusted workspace
2024-06-24 07:44:44.031 [info] Starting Pylance language server.
2024-06-24 07:45:18.726 [info] Experiment 'pythonCreateEnvOnPipInstall' is active
2024-06-24 07:45:18.727 [info] Experiment 'pythonRecommendTensorboardExt' is active
2024-06-24 07:45:18.727 [info] Experiment 'pythonSurveyNotificationcf' is active
2024-06-24 07:45:18.727 [info] Experiment 'pythonTerminalEnvVarActivation' is active
2024-06-24 07:45:18.727 [info] Experiment 'pythonTestAdapter' is active
2024-06-24 07:45:18.732 [info] Finished searching for global virtual envs: 32 milliseconds
2024-06-24 07:45:18.736 [info] Found: /bin/python3 --> /bin/python3.11
2024-06-24 07:45:18.736 [info] Found: /bin/python3.11 --> /bin/python3.11
2024-06-24 07:45:18.748 [info] Found: /usr/bin/python3 --> /usr/bin/python3.11
2024-06-24 07:45:18.748 [info] Found: /usr/bin/python3.11 --> /usr/bin/python3.11
2024-06-24 07:45:18.762 [info] Found: /home/griffin/.guix-home/profile/bin/python3 --> /gnu/store/1w5v338qk5m8khcazwclprs3znqp6f7f-python-3.10.7/bin/python3.10
2024-06-24 07:45:18.762 [info] Found: /home/griffin/.guix-home/profile/bin/python3.10 --> /gnu/store/1w5v338qk5m8khcazwclprs3znqp6f7f-python-3.10.7/bin/python3.10
2024-06-24 07:45:18.779 [info] > /bin/python3 -I ~/.vscode/extensions/ms-python.python-2024.8.1/python_files/get_output_via_markers.py ~/.vscode/extensions/ms-python.python-2024.8.1/python_files/interpreterInfo.py
2024-06-24 07:45:18.798 [info] Python interpreter path: /bin/python3
2024-06-24 07:45:18.811 [info] Finished searching for interpreters in posix paths locator: 109 milliseconds
2024-06-24 07:45:18.811 [info] > /usr/bin/python3 -I ~/.vscode/extensions/ms-python.python-2024.8.1/python_files/get_output_via_markers.py ~/.vscode/extensions/ms-python.python-2024.8.1/python_files/interpreterInfo.py
2024-06-24 07:45:18.823 [info] > ~/.guix-home/profile/bin/python3 -I ~/.vscode/extensions/ms-python.python-2024.8.1/python_files/get_output_via_markers.py ~/.vscode/extensions/ms-python.python-2024.8.1/python_files/interpreterInfo.py
2024-06-24 07:45:18.823 [info] Environments refresh paths discovered (event): 128 milliseconds
2024-06-24 07:45:18.823 [info] Environments refresh paths discovered: 128 milliseconds
2024-06-24 07:45:18.863 [info] Environments refresh finished (event): 168 milliseconds
2024-06-24 07:45:18.865 [info] Environment refresh took 171 milliseconds
2024-06-24 07:45:19.834 [warning] Shell integration may not be active, environment activated may be overridden by the shell.
2024-06-24 07:45:19.844 [info] Starting Pylance language server.
