Visual Studio Code (1.90.1, undefined, desktop)
Jupyter Extension Version: 2024.5.0.
Python Extension Version: 2024.8.1.
Pylance Extension Version: 2024.6.1.
Platform: linux (x64).
No workspace folder opened.
21:53:46.471 [warn] Exception while attempting zmq : libstdc++.so.6: cannot open shared object file: No such file or directory
21:53:46.472 [warn] Exception while attempting zmq (fallback) : libstdc++.so.6: cannot open shared object file: No such file or directory
21:56:10.737 [info] Starting Kernel (Bash) for '~/git/~ht.com/notebooks/pods2kubernetes/notebook.ipynb' (disableUI=false)
21:56:10.815 [warn] Failed to get activated env vars for /bin/python3 in 55ms
21:56:10.832 [info] Process Execution: /bin/python3 -c "import site;print("USER_BASE_VALUE");print(site.USER_BASE);print("USER_BASE_VALUE");"
21:56:10.858 [info] Process Execution: /bin/python3 -c "import jupyter;print('6af208d0-cb9c-427f-b937-ff563e17efdf')"
21:56:10.873 [info] Process Execution: /bin/python3 -c "import notebook;print('6af208d0-cb9c-427f-b937-ff563e17efdf')"
21:56:10.885 [warn] Error occurred while trying to start the kernel, options.disableUI=false Error: Jupyter cannot be started. Error attempting to locate Jupyter: Running cells with 'Python' requires the jupyter and notebook package.
    > at by.startServerImpl (/home/~/.vscode/extensions/ms-toolsai.jupyter-2024.5.0-linux-x64/dist/extension.node.js:291:9975)
21:56:10.886 [warn] Kernel Error, context = start Error: Jupyter cannot be started. Error attempting to locate Jupyter: Running cells with 'Python' requires the jupyter and notebook package.
    > at by.startServerImpl (/home/~/.vscode/extensions/ms-toolsai.jupyter-2024.5.0-linux-x64/dist/extension.node.js:291:9975)
21:56:10.906 [info] Process Execution: /bin/python3 -c "import pip;print('6af208d0-cb9c-427f-b937-ff563e17efdf')"
21:56:10.918 [info] Process Execution: /bin/python3 -c "import jupyter;print('6af208d0-cb9c-427f-b937-ff563e17efdf')"
21:56:10.931 [info] Process Execution: /bin/python3 -c "import notebook;print('6af208d0-cb9c-427f-b937-ff563e17efdf')"
21:56:26.862 [info] Dispose Kernel '~/git/~ht.com/notebooks/pods2kubernetes/notebook.ipynb' associated with '~/git/~ht.com/notebooks/pods2kubernetes/notebook.ipynb'
21:56:26.864 [error] Error in execution Error: Jupyter cannot be started. Error attempting to locate Jupyter: Running cells with 'Python' requires the jupyter and notebook package.
    > at by.startServerImpl (/home/~/.vscode/extensions/ms-toolsai.jupyter-2024.5.0-linux-x64/dist/extension.node.js:291:9975)
21:56:26.866 [error] Error in execution (get message for cell) Error: Jupyter cannot be started. Error attempting to locate Jupyter: Running cells with 'Python' requires the jupyter and notebook package.
    > at by.startServerImpl (/home/~/.vscode/extensions/ms-toolsai.jupyter-2024.5.0-linux-x64/dist/extension.node.js:291:9975)
21:56:41.145 [info] Dispose Kernel '~/git/~ht.com/notebooks/pods2kubernetes/notebook.ipynb' associated with '~/git/~ht.com/notebooks/pods2kubernetes/notebook.ipynb'
