2024-06-24 07:53:54.159 [info] Configuration changed
2024-06-24 07:53:54.159 [info] Configuration changed
2024-06-24 07:53:54.874 [info] Configuration changed
2024-06-24 07:53:55.747 [info] Configuration changed
2024-06-24 07:54:15.218 [info] /home/griffin/git/griffinht.com/notebooks/tailscale_all/notebook.ipynb closed
2024-06-24 07:54:15.218 [info] Active editor: vscode-notebook-cell:/home/griffin/git/griffinht.com/notebooks/tailscale_all/notebook.ipynb#W1sZmlsZQ%3D%3D
2024-06-24 07:54:26.597 [info] Active editor: vscode-notebook-cell:/home/griffin/git/griffinht.com/notebooks/tailscale_all/notebook.ipynb#W2sZmlsZQ%3D%3D
2024-06-24 07:54:29.661 [info] Active editor: vscode-notebook-cell:/home/griffin/git/griffinht.com/notebooks/tailscale_all/notebook.ipynb#W4sZmlsZQ%3D%3D
2024-06-24 07:54:31.439 [info] Active editor: vscode-notebook-cell:/home/griffin/git/griffinht.com/notebooks/tailscale_all/notebook.ipynb#W5sZmlsZQ%3D%3D
2024-06-24 07:54:32.794 [info] Active editor: vscode-notebook-cell:/home/griffin/git/griffinht.com/notebooks/tailscale_all/notebook.ipynb#X10sZmlsZQ%3D%3D
2024-06-24 07:54:34.130 [info] Active editor: vscode-notebook-cell:/home/griffin/git/griffinht.com/notebooks/tailscale_all/notebook.ipynb#X11sZmlsZQ%3D%3D
2024-06-24 07:54:35.904 [info] Active editor: vscode-notebook-cell:/home/griffin/git/griffinht.com/notebooks/tailscale_all/notebook.ipynb#X10sZmlsZQ%3D%3D
2024-06-24 07:54:36.616 [info] Active editor: vscode-notebook-cell:/home/griffin/git/griffinht.com/notebooks/tailscale_all/notebook.ipynb#X11sZmlsZQ%3D%3D
2024-06-24 07:54:37.800 [info] Active editor: vscode-notebook-cell:/home/griffin/git/griffinht.com/notebooks/tailscale_all/notebook.ipynb#X12sZmlsZQ%3D%3D
2024-06-24 07:54:40.212 [info] Active editor: vscode-notebook-cell:/home/griffin/git/griffinht.com/notebooks/tailscale_all/notebook.ipynb#X14sZmlsZQ%3D%3D
2024-06-24 07:54:48.808 [info] Active editor: vscode-notebook-cell:/home/griffin/git/griffinht.com/notebooks/tailscale_all/notebook.ipynb#X15sZmlsZQ%3D%3D
2024-06-24 07:54:53.879 [info] Active editor: vscode-notebook-cell:/home/griffin/git/griffinht.com/notebooks/tailscale_all/notebook.ipynb#X21sZmlsZQ%3D%3D
2024-06-24 07:55:43.371 [info] Active editor: vscode-notebook-cell:/home/griffin/git/griffinht.com/notebooks/tailscale_all/notebook.ipynb#X20sZmlsZQ%3D%3D
2024-06-24 07:55:43.389 [info] Active editor: vscode-notebook-cell:/home/griffin/git/griffinht.com/notebooks/tailscale_all/notebook.ipynb#X10sZmlsZQ%3D%3D
2024-06-24 07:55:43.651 [info] Active editor: vscode-notebook-cell:/home/griffin/git/griffinht.com/notebooks/tailscale_all/notebook.ipynb#W5sZmlsZQ%3D%3D
2024-06-24 07:55:43.790 [info] Active editor: vscode-notebook-cell:/home/griffin/git/griffinht.com/notebooks/tailscale_all/notebook.ipynb#W4sZmlsZQ%3D%3D
2024-06-24 07:55:44.607 [info] Active editor: vscode-notebook-cell:/home/griffin/git/griffinht.com/notebooks/tailscale_all/notebook.ipynb#W2sZmlsZQ%3D%3D
2024-06-24 07:55:44.751 [info] Active editor: vscode-notebook-cell:/home/griffin/git/griffinht.com/notebooks/tailscale_all/notebook.ipynb#W1sZmlsZQ%3D%3D
2024-06-24 07:55:47.866 [info] Active editor: vscode-notebook-cell:/home/griffin/git/griffinht.com/notebooks/tailscale_all/notebook.ipynb#X22sZmlsZQ%3D%3D
2024-06-24 07:55:57.349 [info] Active editor: vscode-notebook-cell:/home/griffin/git/griffinht.com/notebooks/tailscale_all/notebook.ipynb#W2sZmlsZQ%3D%3D
2024-06-24 07:55:57.997 [info] Active editor: vscode-notebook-cell:/home/griffin/git/griffinht.com/notebooks/tailscale_all/notebook.ipynb#W4sZmlsZQ%3D%3D
2024-06-24 07:55:58.034 [info] Active editor: vscode-notebook-cell:/home/griffin/git/griffinht.com/notebooks/tailscale_all/notebook.ipynb#W5sZmlsZQ%3D%3D
2024-06-24 07:55:58.115 [info] Active editor: vscode-notebook-cell:/home/griffin/git/griffinht.com/notebooks/tailscale_all/notebook.ipynb#X10sZmlsZQ%3D%3D
2024-06-24 07:55:58.149 [info] Active editor: vscode-notebook-cell:/home/griffin/git/griffinht.com/notebooks/tailscale_all/notebook.ipynb#X11sZmlsZQ%3D%3D
2024-06-24 07:55:58.188 [info] Active editor: vscode-notebook-cell:/home/griffin/git/griffinht.com/notebooks/tailscale_all/notebook.ipynb#X12sZmlsZQ%3D%3D
2024-06-24 07:55:58.269 [info] Active editor: vscode-notebook-cell:/home/griffin/git/griffinht.com/notebooks/tailscale_all/notebook.ipynb#X14sZmlsZQ%3D%3D
2024-06-24 07:55:58.310 [info] Active editor: vscode-notebook-cell:/home/griffin/git/griffinht.com/notebooks/tailscale_all/notebook.ipynb#X21sZmlsZQ%3D%3D
2024-06-24 07:55:58.350 [info] Active editor: vscode-notebook-cell:/home/griffin/git/griffinht.com/notebooks/tailscale_all/notebook.ipynb#X15sZmlsZQ%3D%3D
2024-06-24 07:55:58.398 [info] Active editor: vscode-notebook-cell:/home/griffin/git/griffinht.com/notebooks/tailscale_all/notebook.ipynb#X16sZmlsZQ%3D%3D
2024-06-24 07:55:58.778 [info] Active editor: vscode-notebook-cell:/home/griffin/git/griffinht.com/notebooks/tailscale_all/notebook.ipynb#X20sZmlsZQ%3D%3D
2024-06-24 07:56:11.200 [info] Active editor: vscode-notebook-cell:/home/griffin/git/griffinht.com/notebooks/tailscale_all/notebook.ipynb#X21sZmlsZQ%3D%3D
2024-06-24 07:56:15.700 [info] Active editor: vscode-notebook-cell:/home/griffin/git/griffinht.com/notebooks/tailscale_all/notebook.ipynb#X15sZmlsZQ%3D%3D
2024-06-24 07:56:17.208 [info] Active editor: vscode-notebook-cell:/home/griffin/git/griffinht.com/notebooks/tailscale_all/notebook.ipynb#X23sZmlsZQ%3D%3D
2024-06-24 07:56:35.210 [info] Active editor: vscode-notebook-cell:/home/griffin/git/griffinht.com/notebooks/tailscale_all/notebook.ipynb#X21sZmlsZQ%3D%3D
2024-06-24 07:56:40.210 [info] Active editor: vscode-notebook-cell:/home/griffin/git/griffinht.com/notebooks/tailscale_all/notebook.ipynb#X23sZmlsZQ%3D%3D
2024-06-24 07:56:53.322 [info] /home/griffin/git/griffinht.com/notebooks/tailscale_all/notebook.ipynb closed
2024-06-24 07:56:59.215 [info] Active editor: vscode-notebook-cell:/home/griffin/git/griffinht.com/notebooks/tailscale_all/notebook.ipynb#X25sZmlsZQ%3D%3D
2024-06-24 07:57:00.627 [info] Active editor: vscode-notebook-cell:/home/griffin/git/griffinht.com/notebooks/tailscale_all/notebook.ipynb#X24sZmlsZQ%3D%3D
2024-06-24 07:57:03.709 [info] /home/griffin/git/griffinht.com/notebooks/tailscale_all/notebook.ipynb closed
2024-06-24 07:57:03.713 [info] Active editor: vscode-notebook-cell:/home/griffin/git/griffinht.com/notebooks/tailscale_all/notebook.ipynb#X26sZmlsZQ%3D%3D
2024-06-24 07:57:09.305 [info] /home/griffin/git/griffinht.com/notebooks/tailscale_all/notebook.ipynb closed
2024-06-24 07:57:09.305 [info] Active editor: vscode-notebook-cell:/home/griffin/git/griffinht.com/notebooks/tailscale_all/notebook.ipynb#X21sZmlsZQ%3D%3D
2024-06-24 07:57:25.682 [info] Active editor: vscode-notebook-cell:/home/griffin/git/griffinht.com/notebooks/tailscale_all/notebook.ipynb#X30sZmlsZQ%3D%3D
2024-06-24 07:57:41.326 [info] Active editor: vscode-notebook-cell:/home/griffin/git/griffinht.com/notebooks/tailscale_all/notebook.ipynb#X26sZmlsZQ%3D%3D
2024-06-24 07:57:43.428 [info] Active editor: vscode-notebook-cell:/home/griffin/git/griffinht.com/notebooks/tailscale_all/notebook.ipynb#X30sZmlsZQ%3D%3D
2024-06-24 07:57:47.174 [info] Active editor: vscode-notebook-cell:/home/griffin/git/griffinht.com/notebooks/tailscale_all/notebook.ipynb#X21sZmlsZQ%3D%3D
2024-06-24 07:57:49.460 [info] Active editor: vscode-notebook-cell:/home/griffin/git/griffinht.com/notebooks/tailscale_all/notebook.ipynb#X30sZmlsZQ%3D%3D
2024-06-24 07:58:02.991 [info] Active editor: vscode-notebook-cell:/home/griffin/git/griffinht.com/notebooks/tailscale_all/notebook.ipynb#X30sZmlsZQ%3D%3D
2024-06-24 07:58:05.195 [info] Active editor: vscode-notebook-cell:/home/griffin/git/griffinht.com/notebooks/tailscale_all/notebook.ipynb#X26sZmlsZQ%3D%3D
2024-06-24 07:58:07.369 [info] Active editor: vscode-notebook-cell:/home/griffin/git/griffinht.com/notebooks/tailscale_all/notebook.ipynb#X31sZmlsZQ%3D%3D
2024-06-24 07:58:14.776 [info] Active editor: vscode-notebook-cell:/home/griffin/git/griffinht.com/notebooks/tailscale_all/notebook.ipynb#X21sZmlsZQ%3D%3D
2024-06-24 07:58:14.941 [info] Active editor: vscode-notebook-cell:/home/griffin/git/griffinht.com/notebooks/tailscale_all/notebook.ipynb#X15sZmlsZQ%3D%3D
2024-06-24 07:58:15.241 [info] Active editor: vscode-notebook-cell:/home/griffin/git/griffinht.com/notebooks/tailscale_all/notebook.ipynb#X16sZmlsZQ%3D%3D
2024-06-24 07:59:20.317 [info] Active editor: vscode-notebook-cell:/home/griffin/git/griffinht.com/notebooks/tailscale_all/notebook.ipynb#X15sZmlsZQ%3D%3D
2024-06-24 07:59:59.392 [info] Active editor: vscode-notebook-cell:/home/griffin/git/griffinht.com/notebooks/tailscale_all/notebook.ipynb#X16sZmlsZQ%3D%3D
2024-06-24 08:00:00.153 [info] Active editor: vscode-notebook-cell:/home/griffin/git/griffinht.com/notebooks/tailscale_all/notebook.ipynb#X15sZmlsZQ%3D%3D
2024-06-24 08:00:16.340 [info] Active editor: vscode-notebook-cell:/home/griffin/git/griffinht.com/notebooks/tailscale_all/notebook.ipynb#X16sZmlsZQ%3D%3D
2024-06-24 08:00:18.550 [info] Active editor: vscode-notebook-cell:/home/griffin/git/griffinht.com/notebooks/tailscale_all/notebook.ipynb#X32sZmlsZQ%3D%3D
2024-06-24 08:01:34.683 [info] Active editor: vscode-notebook-cell:/home/griffin/git/griffinht.com/notebooks/tailscale_all/notebook.ipynb#X15sZmlsZQ%3D%3D
2024-06-24 08:01:35.323 [info] Active editor: vscode-notebook-cell:/home/griffin/git/griffinht.com/notebooks/tailscale_all/notebook.ipynb#X32sZmlsZQ%3D%3D
2024-06-24 08:02:27.215 [info] /home/griffin/git/griffinht.com/notebooks/tailscale_all/notebook.ipynb closed
2024-06-24 08:02:34.234 [info] Active editor: vscode-notebook-cell:/home/griffin/git/griffinht.com/notebooks/tailscale_all/notebook.ipynb#X15sZmlsZQ%3D%3D
2024-06-24 08:03:42.444 [info] Active editor: vscode-notebook-cell:/home/griffin/git/griffinht.com/notebooks/tailscale_all/notebook.ipynb#X16sZmlsZQ%3D%3D
2024-06-24 08:03:48.354 [info] /home/griffin/git/griffinht.com/notebooks/tailscale_all/notebook.ipynb closed
2024-06-24 08:03:48.363 [info] Active editor: vscode-notebook-cell:/home/griffin/git/griffinht.com/notebooks/tailscale_all/notebook.ipynb#X20sZmlsZQ%3D%3D
2024-06-24 08:03:55.924 [info] Active editor: vscode-notebook-cell:/home/griffin/git/griffinht.com/notebooks/tailscale_all/notebook.ipynb#X34sZmlsZQ%3D%3D
2024-06-24 08:03:57.875 [info] Active editor: vscode-notebook-cell:/home/griffin/git/griffinht.com/notebooks/tailscale_all/notebook.ipynb#X20sZmlsZQ%3D%3D
2024-06-24 08:04:05.411 [info] Active editor: vscode-notebook-cell:/home/griffin/git/griffinht.com/notebooks/tailscale_all/notebook.ipynb#X15sZmlsZQ%3D%3D
2024-06-24 08:04:34.423 [info] Active editor: vscode-notebook-cell:/home/griffin/git/griffinht.com/notebooks/tailscale_all/notebook.ipynb#X34sZmlsZQ%3D%3D
2024-06-24 08:04:47.141 [info] Active editor: vscode-notebook-cell:/home/griffin/git/griffinht.com/notebooks/tailscale_all/notebook.ipynb#X35sZmlsZQ%3D%3D
2024-06-24 08:04:48.489 [info] Active editor: vscode-notebook-cell:/home/griffin/git/griffinht.com/notebooks/tailscale_all/notebook.ipynb#X34sZmlsZQ%3D%3D
2024-06-24 08:12:26.634 [info] Active editor: vscode-notebook-cell:/home/griffin/git/griffinht.com/notebooks/tailscale_all/notebook.ipynb#X14sZmlsZQ%3D%3D
2024-06-24 08:12:35.439 [info] Active editor: vscode-notebook-cell:/home/griffin/git/griffinht.com/notebooks/tailscale_all/notebook.ipynb#X36sZmlsZQ%3D%3D
2024-06-24 08:14:05.956 [info] /home/griffin/git/griffinht.com/notebooks/tailscale_all/notebook.ipynb closed
2024-06-24 08:14:07.961 [info] Active editor: vscode-notebook-cell:/home/griffin/git/griffinht.com/notebooks/tailscale_all/notebook.ipynb#X40sZmlsZQ%3D%3D
2024-06-24 08:14:09.654 [info] Active editor: vscode-notebook-cell:/home/griffin/git/griffinht.com/notebooks/tailscale_all/notebook.ipynb#X41sZmlsZQ%3D%3D
2024-06-24 08:14:22.357 [info] Active editor: vscode-notebook-cell:/home/griffin/git/griffinht.com/notebooks/tailscale_all/notebook.ipynb#X42sZmlsZQ%3D%3D
2024-06-24 08:14:31.986 [info] Active editor: vscode-notebook-cell:/home/griffin/git/griffinht.com/notebooks/tailscale_all/notebook.ipynb#X31sZmlsZQ%3D%3D
2024-06-24 08:14:48.766 [info] Active editor: vscode-notebook-cell:/home/griffin/git/griffinht.com/notebooks/tailscale_all/notebook.ipynb#X42sZmlsZQ%3D%3D
2024-06-24 08:15:09.475 [info] Active editor: vscode-notebook-cell:/home/griffin/git/griffinht.com/notebooks/tailscale_all/notebook.ipynb#X26sZmlsZQ%3D%3D
2024-06-24 08:15:10.445 [info] Active editor: vscode-notebook-cell:/home/griffin/git/griffinht.com/notebooks/tailscale_all/notebook.ipynb#X43sZmlsZQ%3D%3D
2024-06-24 08:15:28.765 [info] Active editor: vscode-notebook-cell:/home/griffin/git/griffinht.com/notebooks/tailscale_all/notebook.ipynb#X44sZmlsZQ%3D%3D
2024-06-24 08:15:33.043 [info] Active editor: vscode-notebook-cell:/home/griffin/git/griffinht.com/notebooks/tailscale_all/notebook.ipynb#X31sZmlsZQ%3D%3D
2024-06-24 08:15:34.298 [info] /home/griffin/git/griffinht.com/notebooks/tailscale_all/notebook.ipynb closed
2024-06-24 08:15:36.412 [info] Active editor: vscode-notebook-cell:/home/griffin/git/griffinht.com/notebooks/tailscale_all/notebook.ipynb#X26sZmlsZQ%3D%3D
2024-06-24 08:15:37.922 [info] Active editor: vscode-notebook-cell:/home/griffin/git/griffinht.com/notebooks/tailscale_all/notebook.ipynb#X45sZmlsZQ%3D%3D
2024-06-24 08:16:13.422 [info] Active editor: vscode-notebook-cell:/home/griffin/git/griffinht.com/notebooks/tailscale_all/notebook.ipynb#X31sZmlsZQ%3D%3D
2024-06-24 08:16:14.588 [info] Active editor: vscode-notebook-cell:/home/griffin/git/griffinht.com/notebooks/tailscale_all/notebook.ipynb#X45sZmlsZQ%3D%3D
2024-06-24 08:16:15.818 [info] /home/griffin/git/griffinht.com/notebooks/tailscale_all/notebook.ipynb closed
2024-06-24 08:16:17.352 [info] Active editor: vscode-notebook-cell:/home/griffin/git/griffinht.com/notebooks/tailscale_all/notebook.ipynb#X50sZmlsZQ%3D%3D
2024-06-24 08:17:04.594 [info] Active editor: vscode-notebook-cell:/home/griffin/git/griffinht.com/notebooks/tailscale_all/notebook.ipynb#X46sZmlsZQ%3D%3D
2024-06-24 08:17:22.993 [info] Active editor: vscode-notebook-cell:/home/griffin/git/griffinht.com/notebooks/tailscale_all/notebook.ipynb#X50sZmlsZQ%3D%3D
2024-06-24 08:17:23.559 [info] Active editor: vscode-notebook-cell:/home/griffin/git/griffinht.com/notebooks/tailscale_all/notebook.ipynb#X46sZmlsZQ%3D%3D
2024-06-24 08:17:23.706 [info] Active editor: vscode-notebook-cell:/home/griffin/git/griffinht.com/notebooks/tailscale_all/notebook.ipynb#X43sZmlsZQ%3D%3D
2024-06-24 08:17:23.854 [info] Active editor: vscode-notebook-cell:/home/griffin/git/griffinht.com/notebooks/tailscale_all/notebook.ipynb#X42sZmlsZQ%3D%3D
2024-06-24 08:17:23.992 [info] Active editor: vscode-notebook-cell:/home/griffin/git/griffinht.com/notebooks/tailscale_all/notebook.ipynb#X41sZmlsZQ%3D%3D
2024-06-24 08:17:24.251 [info] Active editor: vscode-notebook-cell:/home/griffin/git/griffinht.com/notebooks/tailscale_all/notebook.ipynb#X14sZmlsZQ%3D%3D
2024-06-24 08:17:24.532 [info] Active editor: vscode-notebook-cell:/home/griffin/git/griffinht.com/notebooks/tailscale_all/notebook.ipynb#X12sZmlsZQ%3D%3D
2024-06-24 08:17:24.692 [info] Active editor: vscode-notebook-cell:/home/griffin/git/griffinht.com/notebooks/tailscale_all/notebook.ipynb#X11sZmlsZQ%3D%3D
2024-06-24 08:17:24.811 [info] Active editor: vscode-notebook-cell:/home/griffin/git/griffinht.com/notebooks/tailscale_all/notebook.ipynb#X43sZmlsZQ%3D%3D
2024-06-24 08:17:24.821 [info] Active editor: vscode-notebook-cell:/home/griffin/git/griffinht.com/notebooks/tailscale_all/notebook.ipynb#X10sZmlsZQ%3D%3D
2024-06-24 08:17:25.109 [info] Active editor: vscode-notebook-cell:/home/griffin/git/griffinht.com/notebooks/tailscale_all/notebook.ipynb#W5sZmlsZQ%3D%3D
2024-06-24 08:17:25.257 [info] Active editor: vscode-notebook-cell:/home/griffin/git/griffinht.com/notebooks/tailscale_all/notebook.ipynb#W4sZmlsZQ%3D%3D
2024-06-24 08:17:25.549 [info] Active editor: vscode-notebook-cell:/home/griffin/git/griffinht.com/notebooks/tailscale_all/notebook.ipynb#W2sZmlsZQ%3D%3D
2024-06-24 08:17:25.696 [info] Active editor: vscode-notebook-cell:/home/griffin/git/griffinht.com/notebooks/tailscale_all/notebook.ipynb#W1sZmlsZQ%3D%3D
2024-06-24 08:17:26.079 [info] Active editor: vscode-notebook-cell:/home/griffin/git/griffinht.com/notebooks/tailscale_all/notebook.ipynb#X22sZmlsZQ%3D%3D
2024-06-24 08:17:26.758 [info] Active editor: vscode-notebook-cell:/home/griffin/git/griffinht.com/notebooks/tailscale_all/notebook.ipynb#W2sZmlsZQ%3D%3D
2024-06-24 08:17:27.040 [info] Active editor: vscode-notebook-cell:/home/griffin/git/griffinht.com/notebooks/tailscale_all/notebook.ipynb#W4sZmlsZQ%3D%3D
2024-06-24 08:17:27.165 [info] Active editor: vscode-notebook-cell:/home/griffin/git/griffinht.com/notebooks/tailscale_all/notebook.ipynb#W5sZmlsZQ%3D%3D
2024-06-24 08:17:27.477 [info] Active editor: vscode-notebook-cell:/home/griffin/git/griffinht.com/notebooks/tailscale_all/notebook.ipynb#X10sZmlsZQ%3D%3D
2024-06-24 08:17:27.610 [info] Active editor: vscode-notebook-cell:/home/griffin/git/griffinht.com/notebooks/tailscale_all/notebook.ipynb#X11sZmlsZQ%3D%3D
2024-06-24 08:17:28.322 [info] Active editor: vscode-notebook-cell:/home/griffin/git/griffinht.com/notebooks/tailscale_all/notebook.ipynb#X12sZmlsZQ%3D%3D
2024-06-24 08:17:28.602 [info] Active editor: vscode-notebook-cell:/home/griffin/git/griffinht.com/notebooks/tailscale_all/notebook.ipynb#X14sZmlsZQ%3D%3D
2024-06-24 08:17:29.243 [info] Active editor: vscode-notebook-cell:/home/griffin/git/griffinht.com/notebooks/tailscale_all/notebook.ipynb#X41sZmlsZQ%3D%3D
2024-06-24 08:17:29.546 [info] Active editor: vscode-notebook-cell:/home/griffin/git/griffinht.com/notebooks/tailscale_all/notebook.ipynb#X42sZmlsZQ%3D%3D
2024-06-24 08:17:29.853 [info] Active editor: vscode-notebook-cell:/home/griffin/git/griffinht.com/notebooks/tailscale_all/notebook.ipynb#X43sZmlsZQ%3D%3D
2024-06-24 08:17:29.969 [info] Active editor: vscode-notebook-cell:/home/griffin/git/griffinht.com/notebooks/tailscale_all/notebook.ipynb#X46sZmlsZQ%3D%3D
2024-06-24 08:17:30.093 [info] Active editor: vscode-notebook-cell:/home/griffin/git/griffinht.com/notebooks/tailscale_all/notebook.ipynb#X50sZmlsZQ%3D%3D
2024-06-24 08:17:30.464 [info] Active editor: vscode-notebook-cell:/home/griffin/git/griffinht.com/notebooks/tailscale_all/notebook.ipynb#X31sZmlsZQ%3D%3D
2024-06-24 08:17:31.866 [info] Active editor: vscode-notebook-cell:/home/griffin/git/griffinht.com/notebooks/tailscale_all/notebook.ipynb#X26sZmlsZQ%3D%3D
2024-06-24 08:18:43.409 [info] /home/griffin/git/griffinht.com/notebooks/tailscale_all/notebook.ipynb closed
2024-06-24 08:18:43.409 [info] Active editor: vscode-notebook-cell:/home/griffin/git/griffinht.com/notebooks/tailscale_all/notebook.ipynb#X31sZmlsZQ%3D%3D
2024-06-24 08:18:45.066 [info] Active editor: vscode-notebook-cell:/home/griffin/git/griffinht.com/notebooks/tailscale_all/notebook.ipynb#X46sZmlsZQ%3D%3D
2024-06-24 08:18:57.950 [info] Active editor: vscode-notebook-cell:/home/griffin/git/griffinht.com/notebooks/tailscale_all/notebook.ipynb#X46sZmlsZQ%3D%3D
2024-06-24 08:19:15.174 [info] Active editor: vscode-notebook-cell:/home/griffin/git/griffinht.com/notebooks/tailscale_all/notebook.ipynb#X51sZmlsZQ%3D%3D
2024-06-24 08:20:56.468 [info] Active editor: vscode-notebook-cell:/home/griffin/git/griffinht.com/notebooks/tailscale_all/notebook.ipynb#X40sZmlsZQ%3D%3D
2024-06-24 08:21:13.405 [info] Active editor: vscode-notebook-cell:/home/griffin/git/griffinht.com/notebooks/tailscale_all/notebook.ipynb#X40sZmlsZQ%3D%3D
2024-06-24 08:21:20.748 [info] Active editor: vscode-notebook-cell:/home/griffin/git/griffinht.com/notebooks/tailscale_all/notebook.ipynb#X51sZmlsZQ%3D%3D
2024-06-24 08:21:40.891 [info] Active editor: vscode-notebook-cell:/home/griffin/git/griffinht.com/notebooks/tailscale_all/notebook.ipynb#X51sZmlsZQ%3D%3D
2024-06-24 08:21:43.046 [info] /home/griffin/git/griffinht.com/notebooks/tailscale_all/notebook.ipynb closed
2024-06-24 08:21:43.046 [info] Active editor: vscode-notebook-cell:/home/griffin/git/griffinht.com/notebooks/tailscale_all/notebook.ipynb#X31sZmlsZQ%3D%3D
2024-06-24 08:21:45.127 [info] /home/griffin/git/griffinht.com/notebooks/tailscale_all/notebook.ipynb closed
2024-06-24 08:21:45.127 [info] Active editor: vscode-notebook-cell:/home/griffin/git/griffinht.com/notebooks/tailscale_all/notebook.ipynb#X26sZmlsZQ%3D%3D
2024-06-24 08:21:52.235 [info] /home/griffin/git/griffinht.com/notebooks/tailscale_all/notebook.ipynb closed
2024-06-24 08:21:52.235 [info] Active editor: vscode-notebook-cell:/home/griffin/git/griffinht.com/notebooks/tailscale_all/notebook.ipynb#X30sZmlsZQ%3D%3D
2024-06-24 08:21:53.246 [info] /home/griffin/git/griffinht.com/notebooks/tailscale_all/notebook.ipynb closed
2024-06-24 08:21:53.246 [info] Active editor: vscode-notebook-cell:/home/griffin/git/griffinht.com/notebooks/tailscale_all/notebook.ipynb#X21sZmlsZQ%3D%3D
2024-06-24 08:21:54.272 [info] /home/griffin/git/griffinht.com/notebooks/tailscale_all/notebook.ipynb closed
2024-06-24 08:21:54.277 [info] Active editor: vscode-notebook-cell:/home/griffin/git/griffinht.com/notebooks/tailscale_all/notebook.ipynb#X15sZmlsZQ%3D%3D
2024-06-24 08:21:57.967 [info] Active editor: vscode-notebook-cell:/home/griffin/git/griffinht.com/notebooks/tailscale_all/notebook.ipynb#X52sZmlsZQ%3D%3D
2024-06-24 08:22:03.554 [info] Active editor: vscode-notebook-cell:/home/griffin/git/griffinht.com/notebooks/tailscale_all/notebook.ipynb#X46sZmlsZQ%3D%3D
2024-06-24 08:22:10.821 [info] Active editor: vscode-notebook-cell:/home/griffin/git/griffinht.com/notebooks/tailscale_all/notebook.ipynb#X15sZmlsZQ%3D%3D
2024-06-24 08:22:14.328 [info] Active editor: vscode-notebook-cell:/home/griffin/git/griffinht.com/notebooks/tailscale_all/notebook.ipynb#X33sZmlsZQ%3D%3D
2024-06-24 08:26:26.028 [info] Active editor: vscode-notebook-cell:/home/griffin/git/griffinht.com/notebooks/tailscale_all/notebook.ipynb#X15sZmlsZQ%3D%3D
2024-06-24 08:26:57.376 [info] Active editor: vscode-notebook-cell:/home/griffin/git/griffinht.com/notebooks/tailscale_all/notebook.ipynb#X10sZmlsZQ%3D%3D
2024-06-24 08:27:02.878 [info] Active editor: vscode-notebook-cell:/home/griffin/git/griffinht.com/notebooks/tailscale_all/notebook.ipynb#X11sZmlsZQ%3D%3D
2024-06-24 08:27:03.197 [info] Active editor: vscode-notebook-cell:/home/griffin/git/griffinht.com/notebooks/tailscale_all/notebook.ipynb#X12sZmlsZQ%3D%3D
2024-06-24 08:27:04.187 [info] Active editor: vscode-notebook-cell:/home/griffin/git/griffinht.com/notebooks/tailscale_all/notebook.ipynb#X14sZmlsZQ%3D%3D
2024-06-24 08:27:05.182 [info] Active editor: vscode-notebook-cell:/home/griffin/git/griffinht.com/notebooks/tailscale_all/notebook.ipynb#X41sZmlsZQ%3D%3D
2024-06-24 08:27:05.812 [info] Active editor: vscode-notebook-cell:/home/griffin/git/griffinht.com/notebooks/tailscale_all/notebook.ipynb#X42sZmlsZQ%3D%3D
2024-06-24 08:27:06.264 [info] Active editor: vscode-notebook-cell:/home/griffin/git/griffinht.com/notebooks/tailscale_all/notebook.ipynb#X43sZmlsZQ%3D%3D
2024-06-24 08:27:07.715 [info] Active editor: vscode-notebook-cell:/home/griffin/git/griffinht.com/notebooks/tailscale_all/notebook.ipynb#X42sZmlsZQ%3D%3D
2024-06-24 08:27:07.728 [info] Active editor: vscode-notebook-cell:/home/griffin/git/griffinht.com/notebooks/tailscale_all/notebook.ipynb#X15sZmlsZQ%3D%3D
2024-06-24 08:27:14.949 [info] Active editor: vscode-notebook-cell:/home/griffin/git/griffinht.com/notebooks/tailscale_all/notebook.ipynb#X53sZmlsZQ%3D%3D
2024-06-24 08:29:00.620 [info] Active editor: vscode-notebook-cell:/home/griffin/git/griffinht.com/notebooks/tailscale_all/notebook.ipynb#X15sZmlsZQ%3D%3D
2024-06-24 08:29:02.926 [info] Active editor: vscode-notebook-cell:/home/griffin/git/griffinht.com/notebooks/tailscale_all/notebook.ipynb#X53sZmlsZQ%3D%3D
2024-06-24 08:29:07.154 [info] Active editor: vscode-notebook-cell:/home/griffin/git/griffinht.com/notebooks/tailscale_all/notebook.ipynb#X15sZmlsZQ%3D%3D
2024-06-24 08:29:08.184 [info] /home/griffin/git/griffinht.com/notebooks/tailscale_all/notebook.ipynb closed
2024-06-24 08:29:08.191 [info] Active editor: vscode-notebook-cell:/home/griffin/git/griffinht.com/notebooks/tailscale_all/notebook.ipynb#X33sZmlsZQ%3D%3D
2024-06-24 08:29:08.841 [info] Active editor: vscode-notebook-cell:/home/griffin/git/griffinht.com/notebooks/tailscale_all/notebook.ipynb#X53sZmlsZQ%3D%3D
2024-06-24 08:29:15.069 [info] Active editor: vscode-notebook-cell:/home/griffin/git/griffinht.com/notebooks/tailscale_all/notebook.ipynb#X54sZmlsZQ%3D%3D
2024-06-24 08:29:17.814 [info] /home/griffin/git/griffinht.com/notebooks/tailscale_all/notebook.ipynb closed
2024-06-24 08:29:18.802 [info] Active editor: vscode-notebook-cell:/home/griffin/git/griffinht.com/notebooks/tailscale_all/notebook.ipynb#X34sZmlsZQ%3D%3D
2024-06-24 08:29:20.610 [info] Active editor: vscode-notebook-cell:/home/griffin/git/griffinht.com/notebooks/tailscale_all/notebook.ipynb#X35sZmlsZQ%3D%3D
2024-06-24 08:29:28.231 [info] Active editor: vscode-notebook-cell:/home/griffin/git/griffinht.com/notebooks/tailscale_all/notebook.ipynb#X20sZmlsZQ%3D%3D
2024-06-24 08:29:39.796 [info] Active editor: vscode-notebook-cell:/home/griffin/git/griffinht.com/notebooks/tailscale_all/notebook.ipynb#X34sZmlsZQ%3D%3D
2024-06-24 08:29:42.746 [info] Active editor: vscode-notebook-cell:/home/griffin/git/griffinht.com/notebooks/tailscale_all/notebook.ipynb#X55sZmlsZQ%3D%3D
2024-06-24 08:29:56.238 [info] Active editor: vscode-notebook-cell:/home/griffin/git/griffinht.com/notebooks/tailscale_all/notebook.ipynb#X34sZmlsZQ%3D%3D
2024-06-24 08:29:58.192 [info] /home/griffin/git/griffinht.com/notebooks/tailscale_all/notebook.ipynb closed
2024-06-24 08:30:03.773 [info] Active editor: vscode-notebook-cell:/home/griffin/git/griffinht.com/notebooks/tailscale_all/notebook.ipynb#X35sZmlsZQ%3D%3D
2024-06-24 08:30:21.383 [info] Active editor: vscode-notebook-cell:/home/griffin/git/griffinht.com/notebooks/tailscale_all/notebook.ipynb#X56sZmlsZQ%3D%3D
2024-06-24 08:32:14.795 [info] /home/griffin/git/griffinht.com/notebooks/tailscale_all/notebook.ipynb closed
2024-06-24 08:32:15.529 [info] Active editor: vscode-notebook-cell:/home/griffin/git/griffinht.com/notebooks/tailscale_all/notebook.ipynb#X60sZmlsZQ%3D%3D
2024-06-24 08:37:50.587 [info] Active editor: vscode-notebook-cell:/home/griffin/git/griffinht.com/notebooks/tailscale_all/notebook.ipynb#X61sZmlsZQ%3D%3D
2024-06-24 08:38:03.805 [info] Active editor: vscode-notebook-cell:/home/griffin/git/griffinht.com/notebooks/tailscale_all/notebook.ipynb#X20sZmlsZQ%3D%3D
2024-06-24 08:38:04.613 [info] Active editor: vscode-notebook-cell:/home/griffin/git/griffinht.com/notebooks/tailscale_all/notebook.ipynb#X61sZmlsZQ%3D%3D
2024-06-24 08:38:04.628 [info] Active editor: vscode-notebook-cell:/home/griffin/git/griffinht.com/notebooks/tailscale_all/notebook.ipynb#X53sZmlsZQ%3D%3D
2024-06-24 08:38:05.823 [info] Active editor: vscode-notebook-cell:/home/griffin/git/griffinht.com/notebooks/tailscale_all/notebook.ipynb#X43sZmlsZQ%3D%3D
2024-06-24 08:38:06.186 [info] Active editor: vscode-notebook-cell:/home/griffin/git/griffinht.com/notebooks/tailscale_all/notebook.ipynb#X42sZmlsZQ%3D%3D
2024-06-24 08:38:06.605 [info] Active editor: vscode-notebook-cell:/home/griffin/git/griffinht.com/notebooks/tailscale_all/notebook.ipynb#X41sZmlsZQ%3D%3D
2024-06-24 08:38:07.174 [info] Active editor: vscode-notebook-cell:/home/griffin/git/griffinht.com/notebooks/tailscale_all/notebook.ipynb#X14sZmlsZQ%3D%3D
2024-06-24 08:38:07.918 [info] Active editor: vscode-notebook-cell:/home/griffin/git/griffinht.com/notebooks/tailscale_all/notebook.ipynb#X12sZmlsZQ%3D%3D
2024-06-24 08:38:08.065 [info] Active editor: vscode-notebook-cell:/home/griffin/git/griffinht.com/notebooks/tailscale_all/notebook.ipynb#X11sZmlsZQ%3D%3D
2024-06-24 08:38:08.217 [info] Active editor: vscode-notebook-cell:/home/griffin/git/griffinht.com/notebooks/tailscale_all/notebook.ipynb#X42sZmlsZQ%3D%3D
2024-06-24 08:38:08.223 [info] Active editor: vscode-notebook-cell:/home/griffin/git/griffinht.com/notebooks/tailscale_all/notebook.ipynb#X10sZmlsZQ%3D%3D
2024-06-24 08:38:09.691 [info] Active editor: vscode-notebook-cell:/home/griffin/git/griffinht.com/notebooks/tailscale_all/notebook.ipynb#X11sZmlsZQ%3D%3D
2024-06-24 08:38:10.292 [info] Active editor: vscode-notebook-cell:/home/griffin/git/griffinht.com/notebooks/tailscale_all/notebook.ipynb#X12sZmlsZQ%3D%3D
2024-06-24 08:38:10.366 [info] Active editor: vscode-notebook-cell:/home/griffin/git/griffinht.com/notebooks/tailscale_all/notebook.ipynb#X14sZmlsZQ%3D%3D
2024-06-24 08:38:10.447 [info] Active editor: vscode-notebook-cell:/home/griffin/git/griffinht.com/notebooks/tailscale_all/notebook.ipynb#X41sZmlsZQ%3D%3D
2024-06-24 08:38:10.494 [info] Active editor: vscode-notebook-cell:/home/griffin/git/griffinht.com/notebooks/tailscale_all/notebook.ipynb#X42sZmlsZQ%3D%3D
2024-06-24 08:38:10.529 [info] Active editor: vscode-notebook-cell:/home/griffin/git/griffinht.com/notebooks/tailscale_all/notebook.ipynb#X43sZmlsZQ%3D%3D
2024-06-24 08:38:10.650 [info] Active editor: vscode-notebook-cell:/home/griffin/git/griffinht.com/notebooks/tailscale_all/notebook.ipynb#X43sZmlsZQ%3D%3D
2024-06-24 08:38:10.657 [info] Active editor: vscode-notebook-cell:/home/griffin/git/griffinht.com/notebooks/tailscale_all/notebook.ipynb#X53sZmlsZQ%3D%3D
2024-06-24 08:38:10.729 [info] Active editor: vscode-notebook-cell:/home/griffin/git/griffinht.com/notebooks/tailscale_all/notebook.ipynb#X20sZmlsZQ%3D%3D
2024-06-24 08:38:10.775 [info] Active editor: vscode-notebook-cell:/home/griffin/git/griffinht.com/notebooks/tailscale_all/notebook.ipynb#X34sZmlsZQ%3D%3D
2024-06-24 08:38:10.819 [info] Active editor: vscode-notebook-cell:/home/griffin/git/griffinht.com/notebooks/tailscale_all/notebook.ipynb#X35sZmlsZQ%3D%3D
2024-06-24 08:38:10.900 [info] Active editor: vscode-notebook-cell:/home/griffin/git/griffinht.com/notebooks/tailscale_all/notebook.ipynb#X61sZmlsZQ%3D%3D
2024-06-24 08:38:12.730 [info] Active editor: vscode-notebook-cell:/home/griffin/git/griffinht.com/notebooks/tailscale_all/notebook.ipynb#X62sZmlsZQ%3D%3D
2024-06-24 08:38:12.898 [info] Active editor: vscode-notebook-cell:/home/griffin/git/griffinht.com/notebooks/tailscale_all/notebook.ipynb#X61sZmlsZQ%3D%3D
2024-06-24 08:38:14.014 [info] /home/griffin/git/griffinht.com/notebooks/tailscale_all/notebook.ipynb closed
2024-06-24 08:38:14.014 [info] Active editor: vscode-notebook-cell:/home/griffin/git/griffinht.com/notebooks/tailscale_all/notebook.ipynb#X62sZmlsZQ%3D%3D
2024-06-24 08:38:28.145 [info] Active editor: vscode-notebook-cell:/home/griffin/git/griffinht.com/notebooks/tailscale_all/notebook.ipynb#X35sZmlsZQ%3D%3D
2024-06-24 08:38:28.441 [info] Active editor: vscode-notebook-cell:/home/griffin/git/griffinht.com/notebooks/tailscale_all/notebook.ipynb#X34sZmlsZQ%3D%3D
2024-06-24 08:38:28.873 [info] Active editor: vscode-notebook-cell:/home/griffin/git/griffinht.com/notebooks/tailscale_all/notebook.ipynb#X20sZmlsZQ%3D%3D
2024-06-24 08:38:30.762 [info] Active editor: vscode-notebook-cell:/home/griffin/git/griffinht.com/notebooks/tailscale_all/notebook.ipynb#X62sZmlsZQ%3D%3D
2024-06-24 08:38:30.778 [info] Active editor: vscode-notebook-cell:/home/griffin/git/griffinht.com/notebooks/tailscale_all/notebook.ipynb#X53sZmlsZQ%3D%3D
2024-06-24 08:38:32.346 [info] Active editor: vscode-notebook-cell:/home/griffin/git/griffinht.com/notebooks/tailscale_all/notebook.ipynb#X33sZmlsZQ%3D%3D
2024-06-24 08:38:33.767 [info] Active editor: vscode-notebook-cell:/home/griffin/git/griffinht.com/notebooks/tailscale_all/notebook.ipynb#X53sZmlsZQ%3D%3D
2024-06-24 08:38:34.303 [info] Active editor: vscode-notebook-cell:/home/griffin/git/griffinht.com/notebooks/tailscale_all/notebook.ipynb#X33sZmlsZQ%3D%3D
2024-06-24 08:39:07.238 [info] Active editor: vscode-notebook-cell:/home/griffin/git/griffinht.com/notebooks/tailscale_all/notebook.ipynb#X20sZmlsZQ%3D%3D
2024-06-24 08:39:07.407 [info] Active editor: vscode-notebook-cell:/home/griffin/git/griffinht.com/notebooks/tailscale_all/notebook.ipynb#X34sZmlsZQ%3D%3D
2024-06-24 08:39:07.704 [info] Active editor: vscode-notebook-cell:/home/griffin/git/griffinht.com/notebooks/tailscale_all/notebook.ipynb#X35sZmlsZQ%3D%3D
2024-06-24 08:39:08.628 [info] Active editor: vscode-notebook-cell:/home/griffin/git/griffinht.com/notebooks/tailscale_all/notebook.ipynb#X20sZmlsZQ%3D%3D
2024-06-24 08:39:08.632 [info] Active editor: vscode-notebook-cell:/home/griffin/git/griffinht.com/notebooks/tailscale_all/notebook.ipynb#X62sZmlsZQ%3D%3D
2024-06-24 08:40:14.187 [info] Active editor: vscode-notebook-cell:/home/griffin/git/griffinht.com/notebooks/tailscale_all/notebook.ipynb#X63sZmlsZQ%3D%3D
2024-06-24 08:40:20.363 [info] Active editor: vscode-notebook-cell:/home/griffin/git/griffinht.com/notebooks/tailscale_all/notebook.ipynb#X64sZmlsZQ%3D%3D
2024-06-24 08:40:21.416 [info] Active editor: vscode-notebook-cell:/home/griffin/git/griffinht.com/notebooks/tailscale_all/notebook.ipynb#X63sZmlsZQ%3D%3D
2024-06-24 08:40:23.965 [info] Active editor: vscode-notebook-cell:/home/griffin/git/griffinht.com/notebooks/tailscale_all/notebook.ipynb#X62sZmlsZQ%3D%3D
2024-06-24 08:40:36.353 [info] Active editor: vscode-notebook-cell:/home/griffin/git/griffinht.com/notebooks/tailscale_all/notebook.ipynb#X65sZmlsZQ%3D%3D
2024-06-24 08:41:01.217 [info] Active editor: vscode-notebook-cell:/home/griffin/git/griffinht.com/notebooks/tailscale_all/notebook.ipynb#X35sZmlsZQ%3D%3D
2024-06-24 08:41:01.370 [info] Active editor: vscode-notebook-cell:/home/griffin/git/griffinht.com/notebooks/tailscale_all/notebook.ipynb#X34sZmlsZQ%3D%3D
2024-06-24 08:41:01.824 [info] Active editor: vscode-notebook-cell:/home/griffin/git/griffinht.com/notebooks/tailscale_all/notebook.ipynb#X20sZmlsZQ%3D%3D
2024-06-24 08:41:02.539 [info] Active editor: vscode-notebook-cell:/home/griffin/git/griffinht.com/notebooks/tailscale_all/notebook.ipynb#X65sZmlsZQ%3D%3D
2024-06-24 08:41:02.558 [info] Active editor: vscode-notebook-cell:/home/griffin/git/griffinht.com/notebooks/tailscale_all/notebook.ipynb#X53sZmlsZQ%3D%3D
2024-06-24 08:41:13.743 [info] Active editor: vscode-notebook-cell:/home/griffin/git/griffinht.com/notebooks/tailscale_all/notebook.ipynb#X20sZmlsZQ%3D%3D
2024-06-24 08:41:16.163 [info] Active editor: vscode-notebook-cell:/home/griffin/git/griffinht.com/notebooks/tailscale_all/notebook.ipynb#X53sZmlsZQ%3D%3D
2024-06-24 08:41:17.707 [info] Active editor: vscode-notebook-cell:/home/griffin/git/griffinht.com/notebooks/tailscale_all/notebook.ipynb#X33sZmlsZQ%3D%3D
2024-06-24 08:41:22.103 [info] Active editor: vscode-notebook-cell:/home/griffin/git/griffinht.com/notebooks/tailscale_all/notebook.ipynb#X20sZmlsZQ%3D%3D
2024-06-24 08:41:22.646 [info] Active editor: vscode-notebook-cell:/home/griffin/git/griffinht.com/notebooks/tailscale_all/notebook.ipynb#X34sZmlsZQ%3D%3D
2024-06-24 08:41:35.898 [info] Active editor: vscode-notebook-cell:/home/griffin/git/griffinht.com/notebooks/tailscale_all/notebook.ipynb#X35sZmlsZQ%3D%3D
2024-06-24 08:41:36.232 [info] Active editor: vscode-notebook-cell:/home/griffin/git/griffinht.com/notebooks/tailscale_all/notebook.ipynb#X65sZmlsZQ%3D%3D
2024-06-24 08:41:36.540 [info] Active editor: vscode-notebook-cell:/home/griffin/git/griffinht.com/notebooks/tailscale_all/notebook.ipynb#X35sZmlsZQ%3D%3D
2024-06-24 08:41:36.550 [info] Active editor: vscode-notebook-cell:/home/griffin/git/griffinht.com/notebooks/tailscale_all/notebook.ipynb#X62sZmlsZQ%3D%3D
2024-06-24 08:41:36.842 [info] Active editor: vscode-notebook-cell:/home/griffin/git/griffinht.com/notebooks/tailscale_all/notebook.ipynb#X63sZmlsZQ%3D%3D
2024-06-24 08:41:37.063 [info] Active editor: vscode-notebook-cell:/home/griffin/git/griffinht.com/notebooks/tailscale_all/notebook.ipynb#X64sZmlsZQ%3D%3D
2024-06-24 08:41:46.733 [info] Active editor: vscode-notebook-cell:/home/griffin/git/griffinht.com/notebooks/tailscale_all/notebook.ipynb#X66sZmlsZQ%3D%3D
2024-06-24 08:41:47.699 [info] Active editor: vscode-notebook-cell:/home/griffin/git/griffinht.com/notebooks/tailscale_all/notebook.ipynb#X64sZmlsZQ%3D%3D
2024-06-24 08:41:50.062 [info] /home/griffin/git/griffinht.com/notebooks/tailscale_all/notebook.ipynb closed
2024-06-24 08:41:50.063 [info] Active editor: vscode-notebook-cell:/home/griffin/git/griffinht.com/notebooks/tailscale_all/notebook.ipynb#X66sZmlsZQ%3D%3D
2024-06-24 08:41:50.772 [info] Active editor: vscode-notebook-cell:/home/griffin/git/griffinht.com/notebooks/tailscale_all/notebook.ipynb#X65sZmlsZQ%3D%3D
2024-06-24 08:41:52.521 [info] Active editor: vscode-notebook-cell:/home/griffin/git/griffinht.com/notebooks/tailscale_all/notebook.ipynb#Y100sZmlsZQ%3D%3D
2024-06-24 08:41:53.809 [info] /home/griffin/git/griffinht.com/notebooks/tailscale_all/notebook.ipynb closed
2024-06-24 08:42:00.561 [info] Active editor: vscode-notebook-cell:/home/griffin/git/griffinht.com/notebooks/tailscale_all/notebook.ipynb#X62sZmlsZQ%3D%3D
2024-06-24 08:43:38.320 [info] Active editor: vscode-notebook-cell:/home/griffin/git/griffinht.com/notebooks/tailscale_all/notebook.ipynb#X63sZmlsZQ%3D%3D
2024-06-24 08:43:39.497 [info] Active editor: vscode-notebook-cell:/home/griffin/git/griffinht.com/notebooks/tailscale_all/notebook.ipynb#X66sZmlsZQ%3D%3D
2024-06-24 08:43:49.930 [info] Active editor: vscode-notebook-cell:/home/griffin/git/griffinht.com/notebooks/tailscale_all/notebook.ipynb#X62sZmlsZQ%3D%3D
2024-06-24 08:45:43.395 [info] Active editor: vscode-notebook-cell:/home/griffin/git/griffinht.com/notebooks/tailscale_all/notebook.ipynb#Y100sZmlsZQ%3D%3D
2024-06-24 08:45:44.219 [info] Active editor: vscode-notebook-cell:/home/griffin/git/griffinht.com/notebooks/tailscale_all/notebook.ipynb#X62sZmlsZQ%3D%3D
2024-06-24 08:45:46.405 [info] Active editor: vscode-notebook-cell:/home/griffin/git/griffinht.com/notebooks/tailscale_all/notebook.ipynb#X63sZmlsZQ%3D%3D
2024-06-24 08:45:47.112 [info] Active editor: vscode-notebook-cell:/home/griffin/git/griffinht.com/notebooks/tailscale_all/notebook.ipynb#X62sZmlsZQ%3D%3D
2024-06-24 08:45:48.263 [info] Active editor: vscode-notebook-cell:/home/griffin/git/griffinht.com/notebooks/tailscale_all/notebook.ipynb#X66sZmlsZQ%3D%3D
2024-06-24 08:45:50.443 [info] Active editor: vscode-notebook-cell:/home/griffin/git/griffinht.com/notebooks/tailscale_all/notebook.ipynb#X62sZmlsZQ%3D%3D
2024-06-24 08:45:56.778 [info] Active editor: vscode-notebook-cell:/home/griffin/git/griffinht.com/notebooks/tailscale_all/notebook.ipynb#X66sZmlsZQ%3D%3D
2024-06-24 08:46:13.540 [info] Active editor: vscode-notebook-cell:/home/griffin/git/griffinht.com/notebooks/tailscale_all/notebook.ipynb#X62sZmlsZQ%3D%3D
2024-06-24 08:46:35.493 [info] Active editor: vscode-notebook-cell:/home/griffin/git/griffinht.com/notebooks/tailscale_all/notebook.ipynb#X63sZmlsZQ%3D%3D
2024-06-24 08:46:43.295 [info] Active editor: vscode-notebook-cell:/home/griffin/git/griffinht.com/notebooks/tailscale_all/notebook.ipynb#X66sZmlsZQ%3D%3D
2024-06-24 08:46:48.010 [info] Active editor: vscode-notebook-cell:/home/griffin/git/griffinht.com/notebooks/tailscale_all/notebook.ipynb#Y101sZmlsZQ%3D%3D
2024-06-24 08:46:48.966 [info] Active editor: vscode-notebook-cell:/home/griffin/git/griffinht.com/notebooks/tailscale_all/notebook.ipynb#X66sZmlsZQ%3D%3D
2024-06-24 08:47:26.611 [info] Active editor: vscode-notebook-cell:/home/griffin/git/griffinht.com/notebooks/tailscale_all/notebook.ipynb#X62sZmlsZQ%3D%3D
2024-06-24 08:47:27.381 [warning] invalid cursor position. [[23, 10] | [23, 10]].
2024-06-24 08:48:08.781 [info] Active editor: vscode-notebook-cell:/home/griffin/git/griffinht.com/notebooks/tailscale_all/notebook.ipynb#Y101sZmlsZQ%3D%3D
2024-06-24 08:49:28.222 [info] Active editor: vscode-notebook-cell:/home/griffin/git/griffinht.com/notebooks/tailscale_all/notebook.ipynb#X62sZmlsZQ%3D%3D
2024-06-24 09:09:31.129 [info] Active editor: vscode-notebook-cell:/home/griffin/git/griffinht.com/notebooks/tailscale_all/notebook.ipynb#X63sZmlsZQ%3D%3D
2024-06-24 09:09:31.705 [info] Active editor: vscode-notebook-cell:/home/griffin/git/griffinht.com/notebooks/tailscale_all/notebook.ipynb#X66sZmlsZQ%3D%3D
2024-06-24 09:10:11.377 [info] Active editor: vscode-notebook-cell:/home/griffin/git/griffinht.com/notebooks/tailscale_all/notebook.ipynb#Y101sZmlsZQ%3D%3D
2024-06-24 09:10:12.185 [info] Active editor: vscode-notebook-cell:/home/griffin/git/griffinht.com/notebooks/tailscale_all/notebook.ipynb#X62sZmlsZQ%3D%3D
2024-06-24 09:10:28.406 [info] Active editor: vscode-notebook-cell:/home/griffin/git/griffinht.com/notebooks/tailscale_all/notebook.ipynb#X66sZmlsZQ%3D%3D
2024-06-24 09:11:56.534 [info] Active editor: vscode-notebook-cell:/home/griffin/git/griffinht.com/notebooks/tailscale_all/notebook.ipynb#Y101sZmlsZQ%3D%3D
2024-06-24 09:11:58.233 [info] Active editor: vscode-notebook-cell:/home/griffin/git/griffinht.com/notebooks/tailscale_all/notebook.ipynb#X62sZmlsZQ%3D%3D
2024-06-24 09:11:59.621 [info] Active editor: vscode-notebook-cell:/home/griffin/git/griffinht.com/notebooks/tailscale_all/notebook.ipynb#X66sZmlsZQ%3D%3D
2024-06-24 09:12:14.857 [info] Active editor: vscode-notebook-cell:/home/griffin/git/griffinht.com/notebooks/tailscale_all/notebook.ipynb#X62sZmlsZQ%3D%3D
2024-06-24 09:12:45.493 [info] Active editor: vscode-notebook-cell:/home/griffin/git/griffinht.com/notebooks/tailscale_all/notebook.ipynb#Y102sZmlsZQ%3D%3D
2024-06-24 09:13:22.947 [info] Active editor: vscode-notebook-cell:/home/griffin/git/griffinht.com/notebooks/tailscale_all/notebook.ipynb#Y101sZmlsZQ%3D%3D
2024-06-24 09:13:28.219 [info] Active editor: vscode-notebook-cell:/home/griffin/git/griffinht.com/notebooks/tailscale_all/notebook.ipynb#Y103sZmlsZQ%3D%3D
2024-06-24 09:15:32.202 [info] Active editor: vscode-notebook-cell:/home/griffin/git/griffinht.com/notebooks/tailscale_all/notebook.ipynb#Y102sZmlsZQ%3D%3D
2024-06-24 09:15:34.371 [info] Active editor: vscode-notebook-cell:/home/griffin/git/griffinht.com/notebooks/tailscale_all/notebook.ipynb#X62sZmlsZQ%3D%3D
2024-06-24 09:19:39.177 [info] Active editor: vscode-notebook-cell:/home/griffin/git/griffinht.com/notebooks/tailscale_all/notebook.ipynb#X66sZmlsZQ%3D%3D
2024-06-24 09:19:41.401 [info] Active editor: vscode-notebook-cell:/home/griffin/git/griffinht.com/notebooks/tailscale_all/notebook.ipynb#Y104sZmlsZQ%3D%3D
2024-06-24 09:19:46.877 [info] Active editor: vscode-notebook-cell:/home/griffin/git/griffinht.com/notebooks/tailscale_all/notebook.ipynb#X66sZmlsZQ%3D%3D
2024-06-24 09:19:48.150 [info] Active editor: vscode-notebook-cell:/home/griffin/git/griffinht.com/notebooks/tailscale_all/notebook.ipynb#Y104sZmlsZQ%3D%3D
2024-06-24 09:21:04.653 [info] Active editor: vscode-notebook-cell:/home/griffin/git/griffinht.com/notebooks/tailscale_all/notebook.ipynb#Y101sZmlsZQ%3D%3D
2024-06-24 09:21:09.969 [info] Active editor: vscode-notebook-cell:/home/griffin/git/griffinht.com/notebooks/tailscale_all/notebook.ipynb#Y102sZmlsZQ%3D%3D
2024-06-24 09:21:18.195 [info] Active editor: vscode-notebook-cell:/home/griffin/git/griffinht.com/notebooks/tailscale_all/notebook.ipynb#Y105sZmlsZQ%3D%3D
2024-06-24 09:21:20.135 [info] /home/griffin/git/griffinht.com/notebooks/tailscale_all/notebook.ipynb closed
2024-06-24 09:21:20.135 [info] Active editor: vscode-notebook-cell:/home/griffin/git/griffinht.com/notebooks/tailscale_all/notebook.ipynb#Y102sZmlsZQ%3D%3D
2024-06-24 09:21:20.947 [info] Active editor: vscode-notebook-cell:/home/griffin/git/griffinht.com/notebooks/tailscale_all/notebook.ipynb#Y101sZmlsZQ%3D%3D
2024-06-24 09:21:21.281 [info] Active editor: vscode-notebook-cell:/home/griffin/git/griffinht.com/notebooks/tailscale_all/notebook.ipynb#Y106sZmlsZQ%3D%3D
2024-06-24 09:21:50.395 [info] Active editor: vscode-notebook-cell:/home/griffin/git/griffinht.com/notebooks/tailscale_all/notebook.ipynb#Y110sZmlsZQ%3D%3D
2024-06-24 09:22:00.938 [info] Active editor: vscode-notebook-cell:/home/griffin/git/griffinht.com/notebooks/tailscale_all/notebook.ipynb#Y101sZmlsZQ%3D%3D
2024-06-24 09:22:04.416 [info] Active editor: vscode-notebook-cell:/home/griffin/git/griffinht.com/notebooks/tailscale_all/notebook.ipynb#Y110sZmlsZQ%3D%3D
2024-06-24 09:22:09.201 [info] Active editor: vscode-notebook-cell:/home/griffin/git/griffinht.com/notebooks/tailscale_all/notebook.ipynb#Y101sZmlsZQ%3D%3D
2024-06-24 09:22:09.414 [info] Active editor: vscode-notebook-cell:/home/griffin/git/griffinht.com/notebooks/tailscale_all/notebook.ipynb#Y110sZmlsZQ%3D%3D
2024-06-24 09:22:13.045 [info] Active editor: vscode-notebook-cell:/home/griffin/git/griffinht.com/notebooks/tailscale_all/notebook.ipynb#Y111sZmlsZQ%3D%3D
2024-06-24 09:22:13.249 [warning] Current window is not active
2024-06-24 09:22:13.866 [info] Active editor: vscode-notebook-cell:/home/griffin/git/griffinht.com/notebooks/tailscale_all/notebook.ipynb#Y106sZmlsZQ%3D%3D
2024-06-24 09:22:14.368 [info] Active editor: vscode-notebook-cell:/home/griffin/git/griffinht.com/notebooks/tailscale_all/notebook.ipynb#Y110sZmlsZQ%3D%3D
2024-06-24 09:22:32.804 [info] Active editor: vscode-notebook-cell:/home/griffin/git/griffinht.com/notebooks/tailscale_all/notebook.ipynb#Y112sZmlsZQ%3D%3D
2024-06-24 09:23:38.920 [info] Active editor: vscode-notebook-cell:/home/griffin/git/griffinht.com/notebooks/tailscale_all/notebook.ipynb#Y110sZmlsZQ%3D%3D
2024-06-24 09:23:39.856 [info] Active editor: vscode-notebook-cell:/home/griffin/git/griffinht.com/notebooks/tailscale_all/notebook.ipynb#Y106sZmlsZQ%3D%3D
2024-06-24 09:25:47.266 [info] Active editor: vscode-notebook-cell:/home/griffin/git/griffinht.com/notebooks/tailscale_all/notebook.ipynb#Y110sZmlsZQ%3D%3D
2024-06-24 09:26:03.404 [info] Active editor: vscode-notebook-cell:/home/griffin/git/griffinht.com/notebooks/tailscale_all/notebook.ipynb#Y111sZmlsZQ%3D%3D
2024-06-24 09:26:04.481 [info] Active editor: vscode-notebook-cell:/home/griffin/git/griffinht.com/notebooks/tailscale_all/notebook.ipynb#Y110sZmlsZQ%3D%3D
2024-06-24 09:26:10.635 [info] Active editor: vscode-notebook-cell:/home/griffin/git/griffinht.com/notebooks/tailscale_all/notebook.ipynb#Y112sZmlsZQ%3D%3D
2024-06-24 09:26:11.027 [info] Active editor: vscode-notebook-cell:/home/griffin/git/griffinht.com/notebooks/tailscale_all/notebook.ipynb#Y106sZmlsZQ%3D%3D
2024-06-24 09:26:12.221 [info] Active editor: vscode-notebook-cell:/home/griffin/git/griffinht.com/notebooks/tailscale_all/notebook.ipynb#Y112sZmlsZQ%3D%3D
2024-06-24 09:26:12.339 [info] Active editor: vscode-notebook-cell:/home/griffin/git/griffinht.com/notebooks/tailscale_all/notebook.ipynb#Y110sZmlsZQ%3D%3D
2024-06-24 09:26:12.478 [info] Active editor: vscode-notebook-cell:/home/griffin/git/griffinht.com/notebooks/tailscale_all/notebook.ipynb#Y111sZmlsZQ%3D%3D
2024-06-24 09:26:12.917 [info] Active editor: vscode-notebook-cell:/home/griffin/git/griffinht.com/notebooks/tailscale_all/notebook.ipynb#Y101sZmlsZQ%3D%3D
2024-06-24 09:26:15.078 [info] /home/griffin/git/griffinht.com/notebooks/tailscale_all/notebook.ipynb closed
2024-06-24 09:26:15.082 [info] Active editor: vscode-notebook-cell:/home/griffin/git/griffinht.com/notebooks/tailscale_all/notebook.ipynb#Y103sZmlsZQ%3D%3D
2024-06-24 09:26:16.825 [info] /home/griffin/git/griffinht.com/notebooks/tailscale_all/notebook.ipynb closed
2024-06-24 09:26:16.825 [info] Active editor: vscode-notebook-cell:/home/griffin/git/griffinht.com/notebooks/tailscale_all/notebook.ipynb#Y111sZmlsZQ%3D%3D
2024-06-24 09:26:17.332 [info] /home/griffin/git/griffinht.com/notebooks/tailscale_all/notebook.ipynb closed
2024-06-24 09:26:17.332 [info] Active editor: vscode-notebook-cell:/home/griffin/git/griffinht.com/notebooks/tailscale_all/notebook.ipynb#Y110sZmlsZQ%3D%3D
2024-06-24 09:26:18.118 [info] Active editor: vscode-notebook-cell:/home/griffin/git/griffinht.com/notebooks/tailscale_all/notebook.ipynb#Y102sZmlsZQ%3D%3D
2024-06-24 09:26:18.682 [info] Active editor: vscode-notebook-cell:/home/griffin/git/griffinht.com/notebooks/tailscale_all/notebook.ipynb#X66sZmlsZQ%3D%3D
2024-06-24 09:26:19.326 [info] Active editor: vscode-notebook-cell:/home/griffin/git/griffinht.com/notebooks/tailscale_all/notebook.ipynb#Y104sZmlsZQ%3D%3D
2024-06-24 09:26:22.452 [info] /home/griffin/git/griffinht.com/notebooks/tailscale_all/notebook.ipynb closed
2024-06-24 09:26:22.452 [info] Active editor: vscode-notebook-cell:/home/griffin/git/griffinht.com/notebooks/tailscale_all/notebook.ipynb#Y106sZmlsZQ%3D%3D
2024-06-24 09:26:23.985 [info] Active editor: vscode-notebook-cell:/home/griffin/git/griffinht.com/notebooks/tailscale_all/notebook.ipynb#X63sZmlsZQ%3D%3D
2024-06-24 09:26:24.640 [info] Active editor: vscode-notebook-cell:/home/griffin/git/griffinht.com/notebooks/tailscale_all/notebook.ipynb#Y112sZmlsZQ%3D%3D
2024-06-24 09:26:24.656 [info] Active editor: vscode-notebook-cell:/home/griffin/git/griffinht.com/notebooks/tailscale_all/notebook.ipynb#X62sZmlsZQ%3D%3D
2024-06-24 09:26:25.087 [info] Active editor: vscode-notebook-cell:/home/griffin/git/griffinht.com/notebooks/tailscale_all/notebook.ipynb#Y104sZmlsZQ%3D%3D
2024-06-24 09:26:25.805 [info] /home/griffin/git/griffinht.com/notebooks/tailscale_all/notebook.ipynb closed
2024-06-24 09:26:25.817 [info] Active editor: vscode-notebook-cell:/home/griffin/git/griffinht.com/notebooks/tailscale_all/notebook.ipynb#X66sZmlsZQ%3D%3D
2024-06-24 09:26:26.495 [info] Active editor: vscode-notebook-cell:/home/griffin/git/griffinht.com/notebooks/tailscale_all/notebook.ipynb#X62sZmlsZQ%3D%3D
2024-06-24 09:26:32.195 [info] Active editor: vscode-notebook-cell:/home/griffin/git/griffinht.com/notebooks/tailscale_all/notebook.ipynb#X66sZmlsZQ%3D%3D
2024-06-24 09:26:34.202 [info] Active editor: vscode-notebook-cell:/home/griffin/git/griffinht.com/notebooks/tailscale_all/notebook.ipynb#X62sZmlsZQ%3D%3D
2024-06-24 09:26:42.507 [info] Active editor: vscode-notebook-cell:/home/griffin/git/griffinht.com/notebooks/tailscale_all/notebook.ipynb#X66sZmlsZQ%3D%3D
2024-06-24 09:30:33.808 [info] Active editor: vscode-notebook-cell:/home/griffin/git/griffinht.com/notebooks/tailscale_all/notebook.ipynb#X62sZmlsZQ%3D%3D
2024-06-24 09:30:50.833 [info] Active editor: vscode-notebook-cell:/home/griffin/git/griffinht.com/notebooks/tailscale_all/notebook.ipynb#X66sZmlsZQ%3D%3D
2024-06-24 09:31:18.159 [info] Active editor: vscode-notebook-cell:/home/griffin/git/griffinht.com/notebooks/tailscale_all/notebook.ipynb#X62sZmlsZQ%3D%3D
2024-06-24 09:31:47.143 [info] Active editor: vscode-notebook-cell:/home/griffin/git/griffinht.com/notebooks/tailscale_all/notebook.ipynb#X66sZmlsZQ%3D%3D
2024-06-24 09:31:47.602 [info] Active editor: vscode-notebook-cell:/home/griffin/git/griffinht.com/notebooks/tailscale_all/notebook.ipynb#X63sZmlsZQ%3D%3D
2024-06-24 09:31:47.914 [info] Active editor: vscode-notebook-cell:/home/griffin/git/griffinht.com/notebooks/tailscale_all/notebook.ipynb#X62sZmlsZQ%3D%3D
2024-06-24 09:33:14.447 [info] Active editor: vscode-notebook-cell:/home/griffin/git/griffinht.com/notebooks/tailscale_all/notebook.ipynb#Y100sZmlsZQ%3D%3D
2024-06-24 09:33:15.044 [info] Active editor: vscode-notebook-cell:/home/griffin/git/griffinht.com/notebooks/tailscale_all/notebook.ipynb#X35sZmlsZQ%3D%3D
2024-06-24 09:33:15.082 [info] Active editor: vscode-notebook-cell:/home/griffin/git/griffinht.com/notebooks/tailscale_all/notebook.ipynb#X34sZmlsZQ%3D%3D
2024-06-24 09:33:15.123 [info] Active editor: vscode-notebook-cell:/home/griffin/git/griffinht.com/notebooks/tailscale_all/notebook.ipynb#X20sZmlsZQ%3D%3D
2024-06-24 09:33:15.204 [info] Active editor: vscode-notebook-cell:/home/griffin/git/griffinht.com/notebooks/tailscale_all/notebook.ipynb#X35sZmlsZQ%3D%3D
2024-06-24 09:33:15.217 [info] Active editor: vscode-notebook-cell:/home/griffin/git/griffinht.com/notebooks/tailscale_all/notebook.ipynb#X53sZmlsZQ%3D%3D
2024-06-24 09:33:15.322 [info] Active editor: vscode-notebook-cell:/home/griffin/git/griffinht.com/notebooks/tailscale_all/notebook.ipynb#X43sZmlsZQ%3D%3D
2024-06-24 09:33:15.362 [info] Active editor: vscode-notebook-cell:/home/griffin/git/griffinht.com/notebooks/tailscale_all/notebook.ipynb#X42sZmlsZQ%3D%3D
2024-06-24 09:33:15.404 [info] Active editor: vscode-notebook-cell:/home/griffin/git/griffinht.com/notebooks/tailscale_all/notebook.ipynb#X41sZmlsZQ%3D%3D
2024-06-24 09:33:15.489 [info] Active editor: vscode-notebook-cell:/home/griffin/git/griffinht.com/notebooks/tailscale_all/notebook.ipynb#X14sZmlsZQ%3D%3D
2024-06-24 09:33:15.567 [info] Active editor: vscode-notebook-cell:/home/griffin/git/griffinht.com/notebooks/tailscale_all/notebook.ipynb#X12sZmlsZQ%3D%3D
2024-06-24 09:33:15.612 [info] Active editor: vscode-notebook-cell:/home/griffin/git/griffinht.com/notebooks/tailscale_all/notebook.ipynb#X11sZmlsZQ%3D%3D
2024-06-24 09:33:15.653 [info] Active editor: vscode-notebook-cell:/home/griffin/git/griffinht.com/notebooks/tailscale_all/notebook.ipynb#X42sZmlsZQ%3D%3D
2024-06-24 09:33:15.660 [info] Active editor: vscode-notebook-cell:/home/griffin/git/griffinht.com/notebooks/tailscale_all/notebook.ipynb#X10sZmlsZQ%3D%3D
2024-06-24 09:33:15.727 [info] Active editor: vscode-notebook-cell:/home/griffin/git/griffinht.com/notebooks/tailscale_all/notebook.ipynb#W5sZmlsZQ%3D%3D
2024-06-24 09:33:15.769 [info] Active editor: vscode-notebook-cell:/home/griffin/git/griffinht.com/notebooks/tailscale_all/notebook.ipynb#W4sZmlsZQ%3D%3D
2024-06-24 09:33:15.849 [info] Active editor: vscode-notebook-cell:/home/griffin/git/griffinht.com/notebooks/tailscale_all/notebook.ipynb#W2sZmlsZQ%3D%3D
2024-06-24 09:33:15.887 [info] Active editor: vscode-notebook-cell:/home/griffin/git/griffinht.com/notebooks/tailscale_all/notebook.ipynb#W4sZmlsZQ%3D%3D
2024-06-24 09:33:15.891 [info] Active editor: vscode-notebook-cell:/home/griffin/git/griffinht.com/notebooks/tailscale_all/notebook.ipynb#W1sZmlsZQ%3D%3D
2024-06-24 09:33:15.927 [info] Active editor: vscode-notebook-cell:/home/griffin/git/griffinht.com/notebooks/tailscale_all/notebook.ipynb#X22sZmlsZQ%3D%3D
2024-06-24 09:33:18.839 [info] Active editor: vscode-notebook-cell:/home/griffin/git/griffinht.com/notebooks/tailscale_all/notebook.ipynb#Y113sZmlsZQ%3D%3D
2024-06-24 09:33:20.407 [info] /home/griffin/git/griffinht.com/notebooks/tailscale_all/notebook.ipynb closed
2024-06-24 09:33:20.407 [info] Active editor: vscode-notebook-cell:/home/griffin/git/griffinht.com/notebooks/tailscale_all/notebook.ipynb#X22sZmlsZQ%3D%3D
2024-06-24 09:33:21.588 [info] Active editor: vscode-notebook-cell:/home/griffin/git/griffinht.com/notebooks/tailscale_all/notebook.ipynb#Y114sZmlsZQ%3D%3D
2024-06-24 09:33:52.176 [info] Active editor: vscode-notebook-cell:/home/griffin/git/griffinht.com/notebooks/tailscale_all/notebook.ipynb#W1sZmlsZQ%3D%3D
2024-06-24 09:33:52.751 [info] Active editor: vscode-notebook-cell:/home/griffin/git/griffinht.com/notebooks/tailscale_all/notebook.ipynb#W2sZmlsZQ%3D%3D
2024-06-24 09:33:53.675 [info] Active editor: vscode-notebook-cell:/home/griffin/git/griffinht.com/notebooks/tailscale_all/notebook.ipynb#W4sZmlsZQ%3D%3D
2024-06-24 09:33:54.690 [info] Active editor: vscode-notebook-cell:/home/griffin/git/griffinht.com/notebooks/tailscale_all/notebook.ipynb#W1sZmlsZQ%3D%3D
2024-06-24 09:33:57.541 [info] Active editor: vscode-notebook-cell:/home/griffin/git/griffinht.com/notebooks/tailscale_all/notebook.ipynb#Y114sZmlsZQ%3D%3D
2024-06-24 09:33:57.782 [info] Active editor: vscode-notebook-cell:/home/griffin/git/griffinht.com/notebooks/tailscale_all/notebook.ipynb#W1sZmlsZQ%3D%3D
2024-06-24 09:33:57.950 [info] Active editor: vscode-notebook-cell:/home/griffin/git/griffinht.com/notebooks/tailscale_all/notebook.ipynb#W2sZmlsZQ%3D%3D
2024-06-24 09:33:58.738 [info] Active editor: vscode-notebook-cell:/home/griffin/git/griffinht.com/notebooks/tailscale_all/notebook.ipynb#W4sZmlsZQ%3D%3D
2024-06-24 09:33:59.194 [info] Active editor: vscode-notebook-cell:/home/griffin/git/griffinht.com/notebooks/tailscale_all/notebook.ipynb#W5sZmlsZQ%3D%3D
2024-06-24 09:34:00.362 [info] Active editor: vscode-notebook-cell:/home/griffin/git/griffinht.com/notebooks/tailscale_all/notebook.ipynb#X10sZmlsZQ%3D%3D
2024-06-24 09:34:02.590 [info] Active editor: vscode-notebook-cell:/home/griffin/git/griffinht.com/notebooks/tailscale_all/notebook.ipynb#X11sZmlsZQ%3D%3D
2024-06-24 19:37:33.628 [info] Active editor: vscode-notebook-cell:/home/griffin/git/griffinht.com/notebooks/tailscale_all/notebook.ipynb#X11sZmlsZQ%3D%3D
2024-06-24 19:37:50.437 [info] /home/griffin/git/griffinht.com/notebooks/tailscale_all/notebook.ipynb closed
2024-06-24 19:37:50.438 [info] /home/griffin/git/griffinht.com/notebooks/tailscale_all/notebook.ipynb closed
2024-06-24 19:37:50.438 [info] /home/griffin/git/griffinht.com/notebooks/tailscale_all/notebook.ipynb closed
2024-06-24 19:37:50.438 [info] /home/griffin/git/griffinht.com/notebooks/tailscale_all/notebook.ipynb closed
2024-06-24 19:37:50.438 [info] /home/griffin/git/griffinht.com/notebooks/tailscale_all/notebook.ipynb closed
2024-06-24 19:37:50.438 [info] /home/griffin/git/griffinht.com/notebooks/tailscale_all/notebook.ipynb closed
2024-06-24 19:37:50.438 [info] /home/griffin/git/griffinht.com/notebooks/tailscale_all/notebook.ipynb closed
2024-06-24 19:37:50.438 [info] /home/griffin/git/griffinht.com/notebooks/tailscale_all/notebook.ipynb closed
2024-06-24 19:37:50.438 [info] /home/griffin/git/griffinht.com/notebooks/tailscale_all/notebook.ipynb closed
2024-06-24 19:37:50.438 [info] /home/griffin/git/griffinht.com/notebooks/tailscale_all/notebook.ipynb closed
2024-06-24 19:37:50.438 [info] /home/griffin/git/griffinht.com/notebooks/tailscale_all/notebook.ipynb closed
2024-06-24 19:37:50.438 [info] /home/griffin/git/griffinht.com/notebooks/tailscale_all/notebook.ipynb closed
2024-06-24 19:37:50.438 [info] /home/griffin/git/griffinht.com/notebooks/tailscale_all/notebook.ipynb closed
2024-06-24 19:37:50.438 [info] /home/griffin/git/griffinht.com/notebooks/tailscale_all/notebook.ipynb closed
2024-06-24 19:37:50.438 [info] /home/griffin/git/griffinht.com/notebooks/tailscale_all/notebook.ipynb closed
2024-06-24 19:37:50.438 [info] /home/griffin/git/griffinht.com/notebooks/tailscale_all/notebook.ipynb closed
2024-06-24 19:37:50.438 [info] /home/griffin/git/griffinht.com/notebooks/tailscale_all/notebook.ipynb closed
2024-06-24 19:37:50.438 [info] /home/griffin/git/griffinht.com/notebooks/tailscale_all/notebook.ipynb closed
2024-06-24 19:37:50.438 [info] /home/griffin/git/griffinht.com/notebooks/tailscale_all/notebook.ipynb closed
2024-06-24 19:37:50.438 [info] /home/griffin/git/griffinht.com/notebooks/tailscale_all/notebook.ipynb closed
2024-06-24 19:37:50.438 [info] /home/griffin/git/griffinht.com/notebooks/tailscale_all/notebook.ipynb closed
2024-06-24 19:37:50.438 [info] /home/griffin/git/griffinht.com/notebooks/tailscale_all/notebook.ipynb closed
2024-06-24 19:37:50.438 [info] /home/griffin/git/griffinht.com/notebooks/tailscale_all/notebook.ipynb closed
2024-06-24 19:37:50.438 [info] /home/griffin/git/griffinht.com/notebooks/tailscale_all/notebook.ipynb closed
2024-06-24 19:37:50.438 [info] /home/griffin/git/griffinht.com/notebooks/tailscale_all/notebook.ipynb closed
2024-06-24 19:37:50.438 [info] /home/griffin/git/griffinht.com/notebooks/tailscale_all/notebook.ipynb closed
2024-06-24 19:37:50.438 [info] /home/griffin/git/griffinht.com/notebooks/tailscale_all/notebook.ipynb closed
2024-06-24 19:37:50.438 [info] /home/griffin/git/griffinht.com/notebooks/tailscale_all/notebook.ipynb closed
2024-06-24 19:37:50.438 [info] /home/griffin/git/griffinht.com/notebooks/tailscale_all/notebook.ipynb closed
2024-06-24 19:37:50.438 [info] /home/griffin/git/griffinht.com/notebooks/tailscale_all/notebook.ipynb closed
2024-06-24 19:37:50.438 [info] /home/griffin/git/griffinht.com/notebooks/tailscale_all/notebook.ipynb closed
2024-06-24 19:37:50.438 [info] /home/griffin/git/griffinht.com/notebooks/tailscale_all/notebook.ipynb closed
