2024-06-23 22:01:47.083 [info] Initial editor state {"filesToOpenOrCreate":[{"fileUri":{"$mid":1,"path":"/home/griffin/git/griffinht.com/notebooks/pods2kubernetes/notebook.ipynb","scheme":"file"},"type":1,"exists":true,"options":{}}],"filesToDiff":[],"filesToMerge":[]}
2024-06-23 22:01:47.252 [info] Started local extension host with pid 195215.
2024-06-23 22:01:49.544 [error] [Extension Host] error 22:01:49.534: Jupyter Extension: Error starting server in serverPreload:  Error: Jupyter cannot be started. Error attempting to locate Jupyter: Running cells with 'Python 3.11.2' requires the jupyter and notebook package.
    > at by.startServerImpl (/home/griffin/.vscode/extensions/ms-toolsai.jupyter-2024.5.0-linux-x64/dist/extension.node.js:291:9975)
2024-06-23 22:01:49.595 [error] ENOENT: no such file or directory, open '/home/griffin/git/guix/home/config/Code/User/globalStorage/vscodevim.vim/.registers': Error: ENOENT: no such file or directory, open '/home/griffin/git/guix/home/config/Code/User/globalStorage/vscodevim.vim/.registers'
2024-06-23 22:01:50.887 [info] [perf] Render performance baseline is 154ms
2024-06-23 22:02:10.952 [error] [Extension Host] error 22:02:10.951: Jupyter Extension: Failed to parse URI localhost TypeError: Invalid URL
    at new URL (node:internal/url:775:36)
    at qL (/home/griffin/.vscode/extensions/ms-toolsai.jupyter-2024.5.0-linux-x64/dist/extension.node.js:434:25068)
    at Iw.parseUserUriAndGetValidationError (/home/griffin/.vscode/extensions/ms-toolsai.jupyter-2024.5.0-linux-x64/dist/extension.node.js:434:22607)
    at n.value (/home/griffin/.vscode/extensions/ms-toolsai.jupyter-2024.5.0-linux-x64/dist/extension.node.js:434:22362)
    at l.y (/nix/store/qj6dh4x4x9lf3sii0r9nmgiq0q60x3va-vscode-1.90.1/lib/vscode/resources/app/out/vs/workbench/api/node/extensionHostProcess.js:82:664)
    at l.fire (/nix/store/qj6dh4x4x9lf3sii0r9nmgiq0q60x3va-vscode-1.90.1/lib/vscode/resources/app/out/vs/workbench/api/node/extensionHostProcess.js:82:881)
    at $._fireDidAccept (/nix/store/qj6dh4x4x9lf3sii0r9nmgiq0q60x3va-vscode-1.90.1/lib/vscode/resources/app/out/vs/workbench/api/node/extensionHostProcess.js:153:172705)
    at n.$onDidAccept (/nix/store/qj6dh4x4x9lf3sii0r9nmgiq0q60x3va-vscode-1.90.1/lib/vscode/resources/app/out/vs/workbench/api/node/extensionHostProcess.js:153:170934)
    at E.S (/nix/store/qj6dh4x4x9lf3sii0r9nmgiq0q60x3va-vscode-1.90.1/lib/vscode/resources/app/out/vs/workbench/api/node/extensionHostProcess.js:150:5970)
    at E.Q (/nix/store/qj6dh4x4x9lf3sii0r9nmgiq0q60x3va-vscode-1.90.1/lib/vscode/resources/app/out/vs/workbench/api/node/extensionHostProcess.js:150:5736)
    at E.M (/nix/store/qj6dh4x4x9lf3sii0r9nmgiq0q60x3va-vscode-1.90.1/lib/vscode/resources/app/out/vs/workbench/api/node/extensionHostProcess.js:150:4762)
    at E.L (/nix/store/qj6dh4x4x9lf3sii0r9nmgiq0q60x3va-vscode-1.90.1/lib/vscode/resources/app/out/vs/workbench/api/node/extensionHostProcess.js:150:3589)
    at n.value (/nix/store/qj6dh4x4x9lf3sii0r9nmgiq0q60x3va-vscode-1.90.1/lib/vscode/resources/app/out/vs/workbench/api/node/extensionHostProcess.js:150:2282)
    at l.y (/nix/store/qj6dh4x4x9lf3sii0r9nmgiq0q60x3va-vscode-1.90.1/lib/vscode/resources/app/out/vs/workbench/api/node/extensionHostProcess.js:82:664)
    at l.fire (/nix/store/qj6dh4x4x9lf3sii0r9nmgiq0q60x3va-vscode-1.90.1/lib/vscode/resources/app/out/vs/workbench/api/node/extensionHostProcess.js:82:881)
    at s.fire (/nix/store/qj6dh4x4x9lf3sii0r9nmgiq0q60x3va-vscode-1.90.1/lib/vscode/resources/app/out/vs/workbench/api/node/extensionHostProcess.js:107:14502)
    at n.value (/nix/store/qj6dh4x4x9lf3sii0r9nmgiq0q60x3va-vscode-1.90.1/lib/vscode/resources/app/out/vs/workbench/api/node/extensionHostProcess.js:176:8481)
    at l.y (/nix/store/qj6dh4x4x9lf3sii0r9nmgiq0q60x3va-vscode-1.90.1/lib/vscode/resources/app/out/vs/workbench/api/node/extensionHostProcess.js:82:664)
    at l.fire (/nix/store/qj6dh4x4x9lf3sii0r9nmgiq0q60x3va-vscode-1.90.1/lib/vscode/resources/app/out/vs/workbench/api/node/extensionHostProcess.js:82:881)
    at s.fire (/nix/store/qj6dh4x4x9lf3sii0r9nmgiq0q60x3va-vscode-1.90.1/lib/vscode/resources/app/out/vs/workbench/api/node/extensionHostProcess.js:107:14502)
    at MessagePortMain.<anonymous> (/nix/store/qj6dh4x4x9lf3sii0r9nmgiq0q60x3va-vscode-1.90.1/lib/vscode/resources/app/out/vs/workbench/api/node/extensionHostProcess.js:176:6631)
    at MessagePortMain.emit (node:events:514:28)
    at Object.MessagePortMain._internalPort.emit (node:electron/js2c/utility_init:2:2285) {
  code: 'ERR_INVALID_URL',
  input: 'localhost'
}
2024-06-23 22:02:18.980 [error] [Extension Host] error 22:02:18.979: Jupyter Extension: Session disposed while waiting for session to be idle.
2024-06-23 22:02:18.987 [error] [Extension Host] error 22:02:18.984: Jupyter Extension: Error in execution Error: Jupyter notebook failed to launch. 
Kernel not initialized in Session
    > at du.create (/home/griffin/.vscode/extensions/ms-toolsai.jupyter-2024.5.0-linux-x64/dist/extension.node.js:295:2888)
    > originalError = Error: Kernel not initialized in Session
2024-06-23 22:02:18.991 [error] [Extension Host] error 22:02:18.986: Jupyter Extension: Error in execution (get message for cell) Error: Jupyter notebook failed to launch. 
Kernel not initialized in Session
    > at du.create (/home/griffin/.vscode/extensions/ms-toolsai.jupyter-2024.5.0-linux-x64/dist/extension.node.js:295:2888)
    > originalError = Error: Kernel not initialized in Session
