2024-06-24 07:53:54.169 [info] Reading sessions from keychain...
2024-06-24 07:53:54.169 [info] Getting sessions for all scopes...
2024-06-24 07:53:54.169 [info] Got stored sessions!
2024-06-24 07:53:54.169 [info] Got 1 verified sessions.
2024-06-24 07:53:54.169 [info] Got 1 sessions for ...
2024-06-24 07:53:54.181 [info] Getting sessions for read:user,repo,user:email...
2024-06-24 07:53:54.181 [info] Got 0 sessions for read:user,repo,user:email...
2024-06-24 07:53:54.182 [info] Getting sessions for read:user,repo,user:email,workflow...
2024-06-24 07:53:54.182 [info] Got 0 sessions for read:user,repo,user:email,workflow...
2024-06-24 07:53:54.182 [info] Getting sessions for read:user,repo,user:email,workflow...
2024-06-24 07:53:54.182 [info] Got 0 sessions for read:user,repo,user:email,workflow...
2024-06-24 07:53:54.182 [info] Getting sessions for read:user...
2024-06-24 07:53:54.182 [info] Got 0 sessions for read:user...
2024-06-24 07:53:54.182 [info] Getting sessions for user:email...
2024-06-24 07:53:54.182 [info] Got 1 sessions for user:email...
2024-06-24 07:53:54.491 [info] Getting sessions for read:user...
2024-06-24 07:53:54.491 [info] Got 0 sessions for read:user...
2024-06-24 07:53:54.516 [info] Getting sessions for user:email...
2024-06-24 07:53:54.516 [info] Got 1 sessions for user:email...
2024-06-24 07:53:54.880 [info] Getting sessions for read:user,repo,user:email,workflow...
2024-06-24 07:53:54.880 [info] Got 0 sessions for read:user,repo,user:email,workflow...
2024-06-24 07:53:54.880 [info] Getting sessions for read:user...
2024-06-24 07:53:54.880 [info] Got 0 sessions for read:user...
2024-06-24 07:53:54.880 [info] Getting sessions for user:email...
2024-06-24 07:53:54.880 [info] Got 1 sessions for user:email...
2024-06-24 07:53:56.260 [info] Getting sessions for read:user,repo,user:email,workflow...
2024-06-24 07:53:56.260 [info] Got 0 sessions for read:user,repo,user:email,workflow...
2024-06-24 07:53:56.260 [info] Getting sessions for read:user...
2024-06-24 07:53:56.260 [info] Got 0 sessions for read:user...
2024-06-24 07:53:56.260 [info] Getting sessions for user:email...
2024-06-24 07:53:56.260 [info] Got 1 sessions for user:email...
2024-06-24 08:18:54.815 [info] Getting sessions for read:user,repo,user:email,workflow...
2024-06-24 08:18:54.815 [info] Got 0 sessions for read:user,repo,user:email,workflow...
2024-06-24 08:18:54.817 [info] Getting sessions for read:user...
2024-06-24 08:18:54.817 [info] Got 0 sessions for read:user...
2024-06-24 08:18:54.818 [info] Getting sessions for user:email...
2024-06-24 08:18:54.819 [info] Got 1 sessions for user:email...
2024-06-24 08:18:54.868 [info] Getting sessions for read:user,repo,user:email,workflow...
2024-06-24 08:18:54.868 [info] Got 0 sessions for read:user,repo,user:email,workflow...
2024-06-24 08:18:54.868 [info] Getting sessions for read:user...
2024-06-24 08:18:54.868 [info] Got 0 sessions for read:user...
2024-06-24 08:18:54.869 [info] Getting sessions for user:email...
2024-06-24 08:18:54.869 [info] Got 1 sessions for user:email...
2024-06-24 08:18:55.056 [info] Getting sessions for read:user,repo,user:email,workflow...
2024-06-24 08:18:55.056 [info] Got 0 sessions for read:user,repo,user:email,workflow...
2024-06-24 08:18:55.057 [info] Getting sessions for read:user...
2024-06-24 08:18:55.057 [info] Got 0 sessions for read:user...
2024-06-24 08:18:55.057 [info] Getting sessions for user:email...
2024-06-24 08:18:55.057 [info] Got 1 sessions for user:email...
2024-06-24 08:43:55.058 [info] Getting sessions for read:user,repo,user:email,workflow...
2024-06-24 08:43:55.058 [info] Got 0 sessions for read:user,repo,user:email,workflow...
2024-06-24 08:43:55.058 [info] Getting sessions for read:user...
2024-06-24 08:43:55.058 [info] Got 0 sessions for read:user...
2024-06-24 08:43:55.058 [info] Getting sessions for user:email...
2024-06-24 08:43:55.058 [info] Got 1 sessions for user:email...
2024-06-24 08:43:55.079 [info] Getting sessions for read:user,repo,user:email,workflow...
2024-06-24 08:43:55.079 [info] Got 0 sessions for read:user,repo,user:email,workflow...
2024-06-24 08:43:55.081 [info] Getting sessions for read:user...
2024-06-24 08:43:55.081 [info] Got 0 sessions for read:user...
2024-06-24 08:43:55.083 [info] Getting sessions for user:email...
2024-06-24 08:43:55.083 [info] Got 1 sessions for user:email...
2024-06-24 08:43:55.309 [info] Getting sessions for read:user,repo,user:email,workflow...
2024-06-24 08:43:55.309 [info] Got 0 sessions for read:user,repo,user:email,workflow...
2024-06-24 08:43:55.309 [info] Getting sessions for read:user...
2024-06-24 08:43:55.309 [info] Got 0 sessions for read:user...
2024-06-24 08:43:55.310 [info] Getting sessions for user:email...
2024-06-24 08:43:55.310 [info] Got 1 sessions for user:email...
2024-06-24 09:08:55.312 [info] Getting sessions for read:user,repo,user:email,workflow...
2024-06-24 09:08:55.312 [info] Got 0 sessions for read:user,repo,user:email,workflow...
2024-06-24 09:08:55.312 [info] Getting sessions for read:user...
2024-06-24 09:08:55.312 [info] Got 0 sessions for read:user...
2024-06-24 09:08:55.312 [info] Getting sessions for user:email...
2024-06-24 09:08:55.313 [info] Got 1 sessions for user:email...
2024-06-24 09:08:55.379 [info] Getting sessions for read:user,repo,user:email,workflow...
2024-06-24 09:08:55.379 [info] Got 0 sessions for read:user,repo,user:email,workflow...
2024-06-24 09:08:55.380 [info] Getting sessions for read:user...
2024-06-24 09:08:55.380 [info] Got 0 sessions for read:user...
2024-06-24 09:08:55.381 [info] Getting sessions for user:email...
2024-06-24 09:08:55.381 [info] Got 1 sessions for user:email...
2024-06-24 09:08:55.681 [info] Getting sessions for read:user,repo,user:email,workflow...
2024-06-24 09:08:55.681 [info] Got 0 sessions for read:user,repo,user:email,workflow...
2024-06-24 09:08:55.682 [info] Getting sessions for read:user...
2024-06-24 09:08:55.682 [info] Got 0 sessions for read:user...
2024-06-24 09:08:55.682 [info] Getting sessions for user:email...
2024-06-24 09:08:55.682 [info] Got 1 sessions for user:email...
2024-06-24 09:33:56.669 [info] Getting sessions for read:user,repo,user:email,workflow...
2024-06-24 09:33:56.669 [info] Got 0 sessions for read:user,repo,user:email,workflow...
2024-06-24 09:33:56.671 [info] Getting sessions for read:user...
2024-06-24 09:33:56.671 [info] Got 0 sessions for read:user...
2024-06-24 09:33:56.673 [info] Getting sessions for user:email...
2024-06-24 09:33:56.673 [info] Got 1 sessions for user:email...
2024-06-24 09:33:56.721 [info] Getting sessions for read:user,repo,user:email,workflow...
2024-06-24 09:33:56.721 [info] Got 0 sessions for read:user,repo,user:email,workflow...
2024-06-24 09:33:56.721 [info] Getting sessions for read:user...
2024-06-24 09:33:56.721 [info] Got 0 sessions for read:user...
2024-06-24 09:33:56.722 [info] Getting sessions for user:email...
2024-06-24 09:33:56.722 [info] Got 1 sessions for user:email...
2024-06-24 09:33:56.960 [info] Getting sessions for read:user,repo,user:email,workflow...
2024-06-24 09:33:56.960 [info] Got 0 sessions for read:user,repo,user:email,workflow...
2024-06-24 09:33:56.961 [info] Getting sessions for read:user...
2024-06-24 09:33:56.961 [info] Got 0 sessions for read:user...
2024-06-24 09:33:56.961 [info] Getting sessions for user:email...
2024-06-24 09:33:56.961 [info] Got 1 sessions for user:email...
2024-06-24 17:15:25.370 [info] Getting sessions for read:user,repo,user:email,workflow...
2024-06-24 17:15:25.370 [info] Got 0 sessions for read:user,repo,user:email,workflow...
2024-06-24 17:15:25.370 [info] Getting sessions for read:user...
2024-06-24 17:15:25.370 [info] Got 0 sessions for read:user...
2024-06-24 17:15:25.371 [info] Getting sessions for user:email...
2024-06-24 17:15:25.371 [info] Got 1 sessions for user:email...
2024-06-24 17:15:25.634 [info] Getting sessions for read:user,repo,user:email,workflow...
2024-06-24 17:15:25.634 [info] Got 0 sessions for read:user,repo,user:email,workflow...
2024-06-24 17:15:25.634 [info] Getting sessions for read:user...
2024-06-24 17:15:25.634 [info] Got 0 sessions for read:user...
2024-06-24 17:15:25.635 [info] Getting sessions for user:email...
2024-06-24 17:15:25.635 [info] Got 1 sessions for user:email...
2024-06-24 17:35:24.997 [info] Getting sessions for read:user,repo,user:email,workflow...
2024-06-24 17:35:25.073 [info] Got 0 sessions for read:user,repo,user:email,workflow...
2024-06-24 17:35:25.080 [info] Getting sessions for read:user,repo,user:email,workflow...
2024-06-24 17:35:25.080 [info] Got 0 sessions for read:user,repo,user:email,workflow...
2024-06-24 17:35:25.080 [info] Getting sessions for read:user...
2024-06-24 17:35:25.080 [info] Got 0 sessions for read:user...
2024-06-24 17:35:25.080 [info] Getting sessions for user:email...
2024-06-24 17:35:25.080 [info] Got 1 sessions for user:email...
2024-06-24 17:35:25.080 [info] Getting sessions for read:user...
2024-06-24 17:35:25.080 [info] Got 0 sessions for read:user...
2024-06-24 17:35:25.114 [info] Getting sessions for user:email...
2024-06-24 17:35:25.114 [info] Got 1 sessions for user:email...
2024-06-24 17:35:25.376 [info] Getting sessions for read:user,repo,user:email,workflow...
2024-06-24 17:35:25.376 [info] Got 0 sessions for read:user,repo,user:email,workflow...
2024-06-24 17:35:25.376 [info] Getting sessions for read:user...
2024-06-24 17:35:25.376 [info] Got 0 sessions for read:user...
2024-06-24 17:35:25.377 [info] Getting sessions for user:email...
2024-06-24 17:35:25.377 [info] Got 1 sessions for user:email...
2024-06-24 18:04:40.157 [info] Getting sessions for read:user,repo,user:email,workflow...
2024-06-24 18:04:40.159 [info] Got 0 sessions for read:user,repo,user:email,workflow...
2024-06-24 18:04:40.161 [info] Getting sessions for read:user...
2024-06-24 18:04:40.161 [info] Got 0 sessions for read:user...
2024-06-24 18:04:40.163 [info] Getting sessions for read:user,repo,user:email,workflow...
2024-06-24 18:04:40.163 [info] Got 0 sessions for read:user,repo,user:email,workflow...
2024-06-24 18:04:40.163 [info] Getting sessions for read:user...
2024-06-24 18:04:40.163 [info] Got 0 sessions for read:user...
2024-06-24 18:04:40.163 [info] Getting sessions for user:email...
2024-06-24 18:04:40.164 [info] Got 1 sessions for user:email...
2024-06-24 18:04:40.168 [info] Getting sessions for user:email...
2024-06-24 18:04:40.168 [info] Got 1 sessions for user:email...
2024-06-24 18:04:40.475 [info] Getting sessions for read:user,repo,user:email,workflow...
2024-06-24 18:04:40.475 [info] Got 0 sessions for read:user,repo,user:email,workflow...
2024-06-24 18:04:40.475 [info] Getting sessions for read:user...
2024-06-24 18:04:40.476 [info] Got 0 sessions for read:user...
2024-06-24 18:04:40.476 [info] Getting sessions for user:email...
2024-06-24 18:04:40.476 [info] Got 1 sessions for user:email...
2024-06-24 18:29:40.434 [info] Getting sessions for read:user,repo,user:email,workflow...
2024-06-24 18:29:40.434 [info] Got 0 sessions for read:user,repo,user:email,workflow...
2024-06-24 18:29:40.436 [info] Getting sessions for read:user...
2024-06-24 18:29:40.436 [info] Got 0 sessions for read:user...
2024-06-24 18:29:40.438 [info] Getting sessions for user:email...
2024-06-24 18:29:40.438 [info] Got 1 sessions for user:email...
2024-06-24 18:29:40.486 [info] Getting sessions for read:user,repo,user:email,workflow...
2024-06-24 18:29:40.486 [info] Got 0 sessions for read:user,repo,user:email,workflow...
2024-06-24 18:29:40.487 [info] Getting sessions for read:user...
2024-06-24 18:29:40.487 [info] Got 0 sessions for read:user...
2024-06-24 18:29:40.487 [info] Getting sessions for user:email...
2024-06-24 18:29:40.487 [info] Got 1 sessions for user:email...
2024-06-24 18:29:40.739 [info] Getting sessions for read:user,repo,user:email,workflow...
2024-06-24 18:29:40.739 [info] Got 0 sessions for read:user,repo,user:email,workflow...
2024-06-24 18:29:40.739 [info] Getting sessions for read:user...
2024-06-24 18:29:40.739 [info] Got 0 sessions for read:user...
2024-06-24 18:29:40.739 [info] Getting sessions for user:email...
2024-06-24 18:29:40.739 [info] Got 1 sessions for user:email...
2024-06-24 18:54:40.718 [info] Getting sessions for read:user,repo,user:email,workflow...
2024-06-24 18:54:40.718 [info] Got 0 sessions for read:user,repo,user:email,workflow...
2024-06-24 18:54:40.720 [info] Getting sessions for read:user...
2024-06-24 18:54:40.720 [info] Got 0 sessions for read:user...
2024-06-24 18:54:40.723 [info] Getting sessions for user:email...
2024-06-24 18:54:40.723 [info] Got 1 sessions for user:email...
2024-06-24 18:54:40.771 [info] Getting sessions for read:user,repo,user:email,workflow...
2024-06-24 18:54:40.771 [info] Got 0 sessions for read:user,repo,user:email,workflow...
2024-06-24 18:54:40.771 [info] Getting sessions for read:user...
2024-06-24 18:54:40.771 [info] Got 0 sessions for read:user...
2024-06-24 18:54:40.771 [info] Getting sessions for user:email...
2024-06-24 18:54:40.771 [info] Got 1 sessions for user:email...
2024-06-24 18:54:41.021 [info] Getting sessions for read:user,repo,user:email,workflow...
2024-06-24 18:54:41.021 [info] Got 0 sessions for read:user,repo,user:email,workflow...
2024-06-24 18:54:41.022 [info] Getting sessions for read:user...
2024-06-24 18:54:41.022 [info] Got 0 sessions for read:user...
2024-06-24 18:54:41.022 [info] Getting sessions for user:email...
2024-06-24 18:54:41.022 [info] Got 1 sessions for user:email...
2024-06-24 19:19:40.988 [info] Getting sessions for read:user,repo,user:email,workflow...
2024-06-24 19:19:40.988 [info] Got 0 sessions for read:user,repo,user:email,workflow...
2024-06-24 19:19:40.990 [info] Getting sessions for read:user...
2024-06-24 19:19:40.990 [info] Got 0 sessions for read:user...
2024-06-24 19:19:40.992 [info] Getting sessions for user:email...
2024-06-24 19:19:40.993 [info] Got 1 sessions for user:email...
2024-06-24 19:19:41.081 [info] Getting sessions for read:user,repo,user:email,workflow...
2024-06-24 19:19:41.081 [info] Got 0 sessions for read:user,repo,user:email,workflow...
2024-06-24 19:19:41.081 [info] Getting sessions for read:user...
2024-06-24 19:19:41.081 [info] Got 0 sessions for read:user...
2024-06-24 19:19:41.081 [info] Getting sessions for user:email...
2024-06-24 19:19:41.081 [info] Got 1 sessions for user:email...
2024-06-24 19:19:41.329 [info] Getting sessions for read:user,repo,user:email,workflow...
2024-06-24 19:19:41.329 [info] Got 0 sessions for read:user,repo,user:email,workflow...
2024-06-24 19:19:41.329 [info] Getting sessions for read:user...
2024-06-24 19:19:41.329 [info] Got 0 sessions for read:user...
2024-06-24 19:19:41.330 [info] Getting sessions for user:email...
2024-06-24 19:19:41.330 [info] Got 1 sessions for user:email...
