2024-06-23 21:56:55.900 [info] Reading sessions from keychain...
2024-06-23 21:56:55.900 [info] Getting sessions for all scopes...
2024-06-23 21:56:55.900 [info] Got stored sessions!
2024-06-23 21:56:55.900 [info] Got 1 verified sessions.
2024-06-23 21:56:55.900 [info] Got 1 sessions for ...
2024-06-23 21:56:55.900 [info] Getting sessions for read:user,repo,user:email...
2024-06-23 21:56:55.900 [info] Got 0 sessions for read:user,repo,user:email...
2024-06-23 21:56:55.900 [info] Getting sessions for read:user,repo,user:email,workflow...
2024-06-23 21:56:55.900 [info] Got 0 sessions for read:user,repo,user:email,workflow...
2024-06-23 21:56:55.900 [info] Getting sessions for read:user,repo,user:email,workflow...
2024-06-23 21:56:55.900 [info] Got 0 sessions for read:user,repo,user:email,workflow...
2024-06-23 21:56:55.900 [info] Getting sessions for read:user...
2024-06-23 21:56:55.900 [info] Got 0 sessions for read:user...
2024-06-23 21:56:55.900 [info] Getting sessions for user:email...
2024-06-23 21:56:55.900 [info] Got 1 sessions for user:email...
2024-06-23 21:56:55.929 [info] Getting sessions for read:user...
2024-06-23 21:56:55.929 [info] Got 0 sessions for read:user...
2024-06-23 21:56:55.942 [info] Getting sessions for user:email...
2024-06-23 21:56:55.942 [info] Got 1 sessions for user:email...
2024-06-23 21:56:56.292 [info] Getting sessions for read:user,repo,user:email,workflow...
2024-06-23 21:56:56.292 [info] Got 0 sessions for read:user,repo,user:email,workflow...
2024-06-23 21:56:56.293 [info] Getting sessions for read:user...
2024-06-23 21:56:56.293 [info] Got 0 sessions for read:user...
2024-06-23 21:56:56.293 [info] Getting sessions for user:email...
2024-06-23 21:56:56.293 [info] Got 1 sessions for user:email...
2024-06-23 21:56:56.798 [info] Getting sessions for read:user,repo,user:email,workflow...
2024-06-23 21:56:56.798 [info] Got 0 sessions for read:user,repo,user:email,workflow...
2024-06-23 21:56:56.798 [info] Getting sessions for read:user...
2024-06-23 21:56:56.798 [info] Got 0 sessions for read:user...
2024-06-23 21:56:56.799 [info] Getting sessions for user:email...
2024-06-23 21:56:56.799 [info] Got 1 sessions for user:email...
2024-06-23 21:56:57.269 [info] Getting sessions for all scopes...
2024-06-23 21:56:57.269 [info] Got 1 sessions for ...
