2024-06-24 07:44:42.807 [info] Reading sessions from keychain...
2024-06-24 07:44:42.807 [info] Getting sessions for all scopes...
2024-06-24 07:44:42.981 [info] Got stored sessions!
2024-06-24 07:44:42.981 [info] Got 1 verified sessions.
2024-06-24 07:44:42.981 [info] Got 1 sessions for ...
2024-06-24 07:44:42.983 [info] Getting sessions for read:user,repo,user:email...
2024-06-24 07:44:42.983 [info] Got 0 sessions for read:user,repo,user:email...
2024-06-24 07:44:43.294 [info] Getting sessions for all scopes...
2024-06-24 07:44:43.294 [info] Got 1 sessions for ...
2024-06-24 07:45:19.385 [info] Getting sessions for read:user,repo,user:email,workflow...
2024-06-24 07:45:19.385 [info] Got 0 sessions for read:user,repo,user:email,workflow...
2024-06-24 07:45:19.385 [info] Getting sessions for read:user,repo,user:email,workflow...
2024-06-24 07:45:19.385 [info] Got 0 sessions for read:user,repo,user:email,workflow...
2024-06-24 07:45:19.385 [info] Getting sessions for read:user...
2024-06-24 07:45:19.386 [info] Got 0 sessions for read:user...
2024-06-24 07:45:19.386 [info] Getting sessions for user:email...
2024-06-24 07:45:19.386 [info] Got 1 sessions for user:email...
2024-06-24 07:45:19.443 [info] Getting sessions for read:user...
2024-06-24 07:45:19.444 [info] Got 0 sessions for read:user...
2024-06-24 07:45:19.445 [info] Getting sessions for user:email...
2024-06-24 07:45:19.445 [info] Got 1 sessions for user:email...
2024-06-24 07:45:19.780 [info] Getting sessions for read:user,repo,user:email,workflow...
2024-06-24 07:45:19.780 [info] Got 0 sessions for read:user,repo,user:email,workflow...
2024-06-24 07:45:19.780 [info] Getting sessions for read:user...
2024-06-24 07:45:19.780 [info] Got 0 sessions for read:user...
2024-06-24 07:45:19.780 [info] Getting sessions for user:email...
2024-06-24 07:45:19.780 [info] Got 1 sessions for user:email...
2024-06-24 07:45:20.175 [info] Getting sessions for read:user,repo,user:email,workflow...
2024-06-24 07:45:20.175 [info] Got 0 sessions for read:user,repo,user:email,workflow...
2024-06-24 07:45:20.175 [info] Getting sessions for read:user...
2024-06-24 07:45:20.175 [info] Got 0 sessions for read:user...
2024-06-24 07:45:20.175 [info] Getting sessions for user:email...
2024-06-24 07:45:20.175 [info] Got 1 sessions for user:email...
