2024-06-23 22:01:49.045 [info] Experiment 'pythonCreateEnvOnPipInstall' is active
2024-06-23 22:01:49.046 [info] Experiment 'pythonRecommendTensorboardExt' is active
2024-06-23 22:01:49.046 [info] Experiment 'pythonSurveyNotificationcf' is active
2024-06-23 22:01:49.046 [info] Experiment 'pythonTerminalEnvVarActivation' is active
2024-06-23 22:01:49.046 [info] Experiment 'pythonTestAdapter' is active
2024-06-23 22:01:49.046 [info] Starting Environment refresh
2024-06-23 22:01:49.046 [info] Searching for interpreters in posix paths locator
2024-06-23 22:01:49.046 [info] Searching for pyenv environments
2024-06-23 22:01:49.046 [info] Searching for conda environments
2024-06-23 22:01:49.046 [info] Searching for global virtual environments
2024-06-23 22:01:49.046 [info] Searching for custom virtual environments
2024-06-23 22:01:49.046 [info] pyenv is not installed
2024-06-23 22:01:49.046 [info] Finished searching for pyenv environments: 18 milliseconds
2024-06-23 22:01:49.046 [info] Finished searching for custom virtual envs: 17 milliseconds
2024-06-23 22:01:49.046 [info] > conda info --json
2024-06-23 22:01:49.046 [info] Python interpreter path: /bin/python3
2024-06-23 22:01:49.046 [info] Finished searching for global virtual envs: 53 milliseconds
2024-06-23 22:01:49.065 [info] Found: /bin/python3 --> /bin/python3.11
2024-06-23 22:01:49.068 [info] Found: /bin/python3.11 --> /bin/python3.11
2024-06-23 22:01:49.079 [info] Found: /usr/bin/python3 --> /usr/bin/python3.11
2024-06-23 22:01:49.079 [info] Found: /usr/bin/python3.11 --> /usr/bin/python3.11
2024-06-23 22:01:49.091 [info] Found: /home/griffin/.guix-home/profile/bin/python3 --> /gnu/store/1w5v338qk5m8khcazwclprs3znqp6f7f-python-3.10.7/bin/python3.10
2024-06-23 22:01:49.091 [info] Found: /home/griffin/.guix-home/profile/bin/python3.10 --> /gnu/store/1w5v338qk5m8khcazwclprs3znqp6f7f-python-3.10.7/bin/python3.10
2024-06-23 22:01:49.107 [info] > /bin/python3 -I ~/.vscode/extensions/ms-python.python-2024.8.1/python_files/get_output_via_markers.py ~/.vscode/extensions/ms-python.python-2024.8.1/python_files/interpreterInfo.py
2024-06-23 22:01:49.118 [info] Finished searching for interpreters in posix paths locator: 402 milliseconds
2024-06-23 22:01:49.118 [info] > /usr/bin/python3 -I ~/.vscode/extensions/ms-python.python-2024.8.1/python_files/get_output_via_markers.py ~/.vscode/extensions/ms-python.python-2024.8.1/python_files/interpreterInfo.py
2024-06-23 22:01:49.123 [info] Environments refresh paths discovered (event): 415 milliseconds
2024-06-23 22:01:49.123 [info] Environments refresh paths discovered: 415 milliseconds
2024-06-23 22:01:49.144 [info] > ~/.guix-home/profile/bin/python3 -I ~/.vscode/extensions/ms-python.python-2024.8.1/python_files/get_output_via_markers.py ~/.vscode/extensions/ms-python.python-2024.8.1/python_files/interpreterInfo.py
2024-06-23 22:01:49.189 [info] Environments refresh finished (event): 481 milliseconds
2024-06-23 22:01:49.193 [info] Environment refresh took 486 milliseconds
2024-06-23 22:01:50.274 [warning] Shell integration may not be active, environment activated may be overridden by the shell.
2024-06-23 22:01:50.325 [info] Starting Pylance language server.
