Visual Studio Code (1.90.1, undefined, desktop)
Jupyter Extension Version: 2024.5.0.
Python Extension Version: 2024.8.1.
Pylance Extension Version: 2024.6.1.
Platform: linux (x64).
No workspace folder opened.
07:43:38.277 [warn] Exception while attempting zmq : libstdc++.so.6: cannot open shared object file: No such file or directory
07:43:38.277 [warn] Exception while attempting zmq (fallback) : libstdc++.so.6: cannot open shared object file: No such file or directory
07:43:38.404 [info] Attempting to start a server because of preload conditions ...
07:43:39.070 [info] Attempting to start a server because of preload conditions ...
07:43:39.655 [warn] Failed to get activated env vars for ~/.guix-home/profile/bin/python3 in 505ms
07:43:39.668 [info] Process Execution: ~/.guix-home/profile/bin/python3 -c "import site;print("USER_BASE_VALUE");print(site.USER_BASE);print("USER_BASE_VALUE");"
07:43:39.718 [info] Process Execution: ~/.guix-home/profile/bin/python3 -c "import jupyter;print('6af208d0-cb9c-427f-b937-ff563e17efdf')"
07:43:39.726 [info] Process Execution: ~/.guix-home/profile/bin/python3 -c "import notebook;print('6af208d0-cb9c-427f-b937-ff563e17efdf')"
07:43:39.730 [info] Starting Kernel () for '~/git/~ht.com/notebooks/compose2kubernetes/notebook.ipynb' (disableUI=true)
07:43:39.958 [warn] Failed to get activated env vars for ~/.guix-home/profile/bin/python3 in 58ms
07:43:39.967 [info] Process Execution: ~/.guix-home/profile/bin/python3 -m jupyter kernelspec --version
07:43:40.530 [info] Starting Jupyter Server
07:43:40.574 [info] Process Execution: ~/.guix-home/profile/bin/python3 -m jupyter notebook --no-browser --notebook-dir="/home/~/git/~ht.com/notebooks/compose2kubernetes" --config=/tmp/395a2639-e268-4687-9ba3-9c3cada02e91/jupyter_notebook_config.py --NotebookApp.iopub_data_rate_limit=10000000000.0
07:43:41.408 [info] Process Execution: ~/.guix-home/profile/bin/python3 /home/~/.vscode/extensions/ms-toolsai.jupyter-2024.5.0-linux-x64/pythonFiles/vscode_datascience_helpers/getServerInfo.py
07:43:41.418 [info] Process Execution: ~/.guix-home/profile/bin/python3 /home/~/.vscode/extensions/ms-toolsai.jupyter-2024.5.0-linux-x64/pythonFiles/vscode_datascience_helpers/getServerInfo.py
07:43:42.702 [info] Started session for kernel connectToLiveRemoteKernel:dcf7d8b9-379f-4b20-b922-2f12f2378c11
07:43:42.705 [warn] Kernel completions not enabled for 'Python 3 (ipykernel) (notebook.ipynb)'. 
To enable Kernel completion for this language please add the following setting 
jupyter.completionTriggerCharacters = {/gnu/store/1w5v338qk5m8khcazwclprs3znqp6f7f-python-3.10.7/bin/python3: [<List of characters that will trigger completions>]}. 
For more information please see https://aka.ms/vscodeJupyterCompletion
07:43:42.706 [info] Kernel successfully started
07:53:41.785 [info] Dispose Kernel '~/git/~ht.com/notebooks/compose2kubernetes/notebook.ipynb' associated with '~/git/~ht.com/notebooks/compose2kubernetes/notebook.ipynb'
