2024-06-23 21:53:46.931 [info] Experiment 'pythonCreateEnvOnPipInstall' is active
2024-06-23 21:53:46.932 [info] Experiment 'pythonRecommendTensorboardExt' is active
2024-06-23 21:53:46.932 [info] Experiment 'pythonSurveyNotificationcf' is active
2024-06-23 21:53:46.932 [info] Experiment 'pythonTerminalEnvVarActivation' is active
2024-06-23 21:53:46.932 [info] Experiment 'pythonTestAdapter' is active
2024-06-23 21:53:46.932 [error] Not allowed to refresh environments in an untrusted workspace
2024-06-23 21:53:47.131 [info] > python -c "import sys;print(sys.executable)"
2024-06-23 21:53:47.138 [error] [Error: Command failed: python -c "import sys;print(sys.executable)"
/bin/sh: 1: python: not found

	at ChildProcess.exithandler (node:child_process:423:12)
	at ChildProcess.emit (node:events:526:35)
	at maybeClose (node:internal/child_process:1105:16)
	at Socket.<anonymous> (node:internal/child_process:457:11)
	at Socket.emit (node:events:514:28)
	at Pipe.<anonymous> (node:net:337:12)] {
  code: 127,
  killed: false,
  signal: null,
  cmd: 'python -c "import sys;print(sys.executable)"'
}
2024-06-23 21:53:48.146 [info] Starting Pylance language server.
2024-06-23 21:55:36.605 [info] Experiment 'pythonCreateEnvOnPipInstall' is active
2024-06-23 21:55:36.605 [info] Experiment 'pythonRecommendTensorboardExt' is active
2024-06-23 21:55:36.605 [info] Experiment 'pythonSurveyNotificationcf' is active
2024-06-23 21:55:36.605 [info] Experiment 'pythonTerminalEnvVarActivation' is active
2024-06-23 21:55:36.605 [info] Experiment 'pythonTestAdapter' is active
2024-06-23 21:55:36.610 [info] Finished searching for global virtual envs: 19 milliseconds
2024-06-23 21:55:36.614 [info] Found: /bin/python3 --> /bin/python3.11
2024-06-23 21:55:36.614 [info] Found: /bin/python3.11 --> /bin/python3.11
2024-06-23 21:55:36.627 [info] Found: /usr/bin/python3 --> /usr/bin/python3.11
2024-06-23 21:55:36.627 [info] Found: /usr/bin/python3.11 --> /usr/bin/python3.11
2024-06-23 21:55:36.646 [info] Starting Environment refresh
2024-06-23 21:55:36.646 [info] Searching for interpreters in posix paths locator
2024-06-23 21:55:36.647 [info] Searching for pyenv environments
2024-06-23 21:55:36.647 [info] Searching for conda environments
2024-06-23 21:55:36.647 [info] Searching for global virtual environments
2024-06-23 21:55:36.647 [info] Searching for custom virtual environments
2024-06-23 21:55:36.648 [info] pyenv is not installed
2024-06-23 21:55:36.648 [info] Finished searching for pyenv environments: 2 milliseconds
2024-06-23 21:55:36.648 [info] Finished searching for custom virtual envs: 2 milliseconds
2024-06-23 21:55:36.650 [info] Finished searching for global virtual envs: 4 milliseconds
2024-06-23 21:55:36.654 [info] Found: /bin/python3 --> /bin/python3.11
2024-06-23 21:55:36.656 [info] Found: /bin/python3.11 --> /bin/python3.11
2024-06-23 21:55:36.669 [info] Found: /usr/bin/python3 --> /usr/bin/python3.11
2024-06-23 21:55:36.670 [info] Found: /usr/bin/python3.11 --> /usr/bin/python3.11
2024-06-23 21:55:36.670 [info] Found: /home/griffin/.guix-home/profile/bin/python3 --> /gnu/store/1w5v338qk5m8khcazwclprs3znqp6f7f-python-3.10.7/bin/python3.10
2024-06-23 21:55:36.671 [info] Found: /home/griffin/.guix-home/profile/bin/python3.10 --> /gnu/store/1w5v338qk5m8khcazwclprs3znqp6f7f-python-3.10.7/bin/python3.10
2024-06-23 21:55:36.720 [info] > /bin/python3 -I ~/.vscode/extensions/ms-python.python-2024.8.1/python_files/get_output_via_markers.py ~/.vscode/extensions/ms-python.python-2024.8.1/python_files/interpreterInfo.py
2024-06-23 21:55:36.721 [info] Found: /home/griffin/.guix-home/profile/bin/python3 --> /gnu/store/1w5v338qk5m8khcazwclprs3znqp6f7f-python-3.10.7/bin/python3.10
2024-06-23 21:55:36.721 [info] Found: /home/griffin/.guix-home/profile/bin/python3.10 --> /gnu/store/1w5v338qk5m8khcazwclprs3znqp6f7f-python-3.10.7/bin/python3.10
2024-06-23 21:55:36.732 [info] Finished searching for interpreters in posix paths locator: 153 milliseconds
2024-06-23 21:55:36.732 [info] > /usr/bin/python3 -I ~/.vscode/extensions/ms-python.python-2024.8.1/python_files/get_output_via_markers.py ~/.vscode/extensions/ms-python.python-2024.8.1/python_files/interpreterInfo.py
2024-06-23 21:55:36.743 [info] > /bin/python3 -I ~/.vscode/extensions/ms-python.python-2024.8.1/python_files/get_output_via_markers.py ~/.vscode/extensions/ms-python.python-2024.8.1/python_files/interpreterInfo.py
2024-06-23 21:55:36.744 [info] Environments refresh paths discovered (event): 173 milliseconds
2024-06-23 21:55:36.744 [info] Environments refresh paths discovered: 173 milliseconds
2024-06-23 21:55:36.757 [info] Finished searching for interpreters in posix paths locator: 104 milliseconds
2024-06-23 21:55:36.757 [info] > /usr/bin/python3 -I ~/.vscode/extensions/ms-python.python-2024.8.1/python_files/get_output_via_markers.py ~/.vscode/extensions/ms-python.python-2024.8.1/python_files/interpreterInfo.py
2024-06-23 21:55:36.761 [info] Environments refresh paths discovered (event): 116 milliseconds
2024-06-23 21:55:36.761 [info] Environments refresh paths discovered: 116 milliseconds
2024-06-23 21:55:36.785 [info] > ~/.guix-home/profile/bin/python3 -I ~/.vscode/extensions/ms-python.python-2024.8.1/python_files/get_output_via_markers.py ~/.vscode/extensions/ms-python.python-2024.8.1/python_files/interpreterInfo.py
2024-06-23 21:55:36.793 [info] > ~/.guix-home/profile/bin/python3 -I ~/.vscode/extensions/ms-python.python-2024.8.1/python_files/get_output_via_markers.py ~/.vscode/extensions/ms-python.python-2024.8.1/python_files/interpreterInfo.py
2024-06-23 21:55:36.819 [info] Environments refresh finished (event): 248 milliseconds
2024-06-23 21:55:36.822 [info] Environment refresh took 253 milliseconds
2024-06-23 21:55:36.826 [info] Environments refresh finished (event): 181 milliseconds
2024-06-23 21:55:36.830 [info] Environment refresh took 184 milliseconds
2024-06-23 21:55:36.833 [info] Python interpreter path: /bin/python3
2024-06-23 21:55:38.661 [warning] Shell integration may not be active, environment activated may be overridden by the shell.
2024-06-23 21:55:38.711 [info] Starting Pylance language server.
