2024-06-23 22:04:39.867 [info] Reading sessions from keychain...
2024-06-23 22:04:39.867 [info] Getting sessions for all scopes...
2024-06-23 22:04:39.867 [info] Got stored sessions!
2024-06-23 22:04:39.867 [info] Got 1 verified sessions.
2024-06-23 22:04:39.867 [info] Got 1 sessions for ...
2024-06-23 22:04:39.973 [info] Getting sessions for read:user,repo,user:email...
2024-06-23 22:04:39.973 [info] Got 0 sessions for read:user,repo,user:email...
2024-06-23 22:04:39.973 [info] Getting sessions for read:user,repo,user:email,workflow...
2024-06-23 22:04:39.973 [info] Got 0 sessions for read:user,repo,user:email,workflow...
2024-06-23 22:04:39.973 [info] Getting sessions for read:user,repo,user:email,workflow...
2024-06-23 22:04:39.973 [info] Got 0 sessions for read:user,repo,user:email,workflow...
2024-06-23 22:04:39.974 [info] Getting sessions for read:user...
2024-06-23 22:04:39.974 [info] Got 0 sessions for read:user...
2024-06-23 22:04:39.974 [info] Getting sessions for user:email...
2024-06-23 22:04:39.974 [info] Got 1 sessions for user:email...
2024-06-23 22:04:40.093 [info] Getting sessions for read:user...
2024-06-23 22:04:40.093 [info] Got 0 sessions for read:user...
2024-06-23 22:04:40.124 [info] Getting sessions for user:email...
2024-06-23 22:04:40.124 [info] Got 1 sessions for user:email...
2024-06-23 22:04:40.487 [info] Getting sessions for read:user,repo,user:email,workflow...
2024-06-23 22:04:40.488 [info] Got 0 sessions for read:user,repo,user:email,workflow...
2024-06-23 22:04:40.488 [info] Getting sessions for read:user...
2024-06-23 22:04:40.488 [info] Got 0 sessions for read:user...
2024-06-23 22:04:40.488 [info] Getting sessions for user:email...
2024-06-23 22:04:40.488 [info] Got 1 sessions for user:email...
2024-06-23 22:04:41.022 [info] Getting sessions for read:user,repo,user:email,workflow...
2024-06-23 22:04:41.022 [info] Got 0 sessions for read:user,repo,user:email,workflow...
2024-06-23 22:04:41.022 [info] Getting sessions for read:user...
2024-06-23 22:04:41.022 [info] Got 0 sessions for read:user...
2024-06-23 22:04:41.022 [info] Getting sessions for user:email...
2024-06-23 22:04:41.022 [info] Got 1 sessions for user:email...
