2024-06-23 21:26:42.723 [info] Added views:workbench.panel.markers.view in workbench.panel.markers
2024-06-23 21:26:42.723 [info] Added views:workbench.panel.output in workbench.panel.output
2024-06-23 21:26:42.723 [info] Added views:terminal in terminal
2024-06-23 21:26:42.723 [info] Added views:outline in workbench.view.explorer
2024-06-23 21:26:42.723 [info] Added views:workbench.scm in workbench.view.scm
2024-06-23 21:26:42.723 [info] Added views:workbench.view.search in workbench.view.search
2024-06-23 21:26:42.723 [info] Added views:timeline in workbench.view.explorer
2024-06-23 21:26:42.723 [info] Added views:workbench.explorer.emptyView in workbench.view.explorer
2024-06-23 21:26:42.877 [info] Added views:gitlens.views.home,gitlens.views.workspaces,gitlens.views.account in workbench.view.extension.gitlens
2024-06-23 21:26:42.877 [info] Added views:gitlens.views.commitDetails,gitlens.views.lineHistory,gitlens.views.fileHistory,gitlens.views.searchAndCompare in workbench.view.extension.gitlensInspect
2024-06-23 21:26:42.878 [info] Added views:gitlens.views.commits,gitlens.views.branches,gitlens.views.remotes,gitlens.views.stashes,gitlens.views.tags,gitlens.views.contributors in workbench.view.scm
2024-06-23 21:26:42.936 [info] Added views:workbench.debug.variablesView,workbench.debug.watchExpressionsView,workbench.debug.callStackView,workbench.debug.breakPointsView in workbench.view.debug
2024-06-23 21:26:43.064 [info] Added views:workbench.panel.repl.view in workbench.panel.repl
2024-06-23 21:26:43.065 [info] Removed views:workbench.debug.breakPointsView,workbench.debug.callStackView,workbench.debug.watchExpressionsView,workbench.debug.variablesView from workbench.view.debug
2024-06-23 21:26:43.065 [info] Added views:workbench.debug.welcome in workbench.view.debug
2024-06-23 21:26:43.495 [info] Removed views:gitlens.views.workspaces from workbench.view.extension.gitlens
2024-06-23 21:26:43.498 [info] Removed views:gitlens.views.searchAndCompare,gitlens.views.fileHistory,gitlens.views.lineHistory,gitlens.views.commitDetails from workbench.view.extension.gitlensInspect
2024-06-23 21:26:43.499 [info] Removed views:gitlens.views.contributors,gitlens.views.tags,gitlens.views.stashes,gitlens.views.remotes,gitlens.views.branches,gitlens.views.commits from workbench.view.scm
2024-06-23 21:26:43.632 [info] Added views:jupyterViewVariables in workbench.view.extension.jupyter-variables
2024-06-23 21:26:43.825 [info] Added views:workbench.view.testing in workbench.view.extension.test
2024-06-23 21:26:43.976 [info] Added views:~remote.forwardedPorts in ~remote.forwardedPortsContainer
2024-06-23 21:27:19.623 [info] Removed views:jupyterViewVariables from workbench.view.extension.jupyter-variables
2024-06-23 21:27:20.706 [info] Removed views:workbench.view.testing from workbench.view.extension.test
