Visual Studio Code (1.90.1, undefined, desktop)
Jupyter Extension Version: 2024.5.0.
Python Extension Version: 2024.8.1.
Pylance Extension Version: 2024.6.1.
Platform: linux (x64).
No workspace folder opened.
21:56:57.404 [warn] Exception while attempting zmq : libstdc++.so.6: cannot open shared object file: No such file or directory
21:56:57.405 [warn] Exception while attempting zmq (fallback) : libstdc++.so.6: cannot open shared object file: No such file or directory
21:56:57.693 [info] Starting Kernel (Bash) for '~/git/~ht.com/notebooks/pods2kubernetes/notebook.ipynb' (disableUI=true)
21:56:58.676 [warn] Failed to get activated env vars for /bin/python3 in 712ms
21:56:58.687 [info] Process Execution: /bin/python3 -c "import site;print("USER_BASE_VALUE");print(site.USER_BASE);print("USER_BASE_VALUE");"
21:56:58.707 [info] Process Execution: /bin/python3 -c "import jupyter;print('6af208d0-cb9c-427f-b937-ff563e17efdf')"
21:56:58.720 [info] Process Execution: /bin/python3 -c "import notebook;print('6af208d0-cb9c-427f-b937-ff563e17efdf')"
21:56:58.748 [info] Process Execution: /bin/python3 -c "import jupyter;print('6af208d0-cb9c-427f-b937-ff563e17efdf')"
21:56:58.757 [info] Process Execution: /bin/python3 -c "import notebook;print('6af208d0-cb9c-427f-b937-ff563e17efdf')"
21:56:58.772 [warn] Error occurred while trying to start the kernel, options.disableUI=true Error: Jupyter cannot be started. Error attempting to locate Jupyter: Running cells with 'Python 3.11.2' requires the jupyter and notebook package.
    > at by.startServerImpl (/home/~/.vscode/extensions/ms-toolsai.jupyter-2024.5.0-linux-x64/dist/extension.node.js:291:9975)
22:01:15.832 [info] Starting Kernel (Bash) for '~/git/~ht.com/notebooks/pods2kubernetes/notebook.ipynb' (disableUI=false)
22:01:15.867 [warn] Failed to get activated env vars for /bin/python3 in 24ms
22:01:15.883 [info] Process Execution: /bin/python3 -c "import jupyter;print('6af208d0-cb9c-427f-b937-ff563e17efdf')"
22:01:15.891 [info] Process Execution: /bin/python3 -c "import notebook;print('6af208d0-cb9c-427f-b937-ff563e17efdf')"
22:01:15.901 [warn] Error occurred while trying to start the kernel, options.disableUI=false Error: Jupyter cannot be started. Error attempting to locate Jupyter: Running cells with 'Python 3.11.2' requires the jupyter and notebook package.
    > at by.startServerImpl (/home/~/.vscode/extensions/ms-toolsai.jupyter-2024.5.0-linux-x64/dist/extension.node.js:291:9975)
22:01:15.902 [warn] Kernel Error, context = start Error: Jupyter cannot be started. Error attempting to locate Jupyter: Running cells with 'Python 3.11.2' requires the jupyter and notebook package.
    > at by.startServerImpl (/home/~/.vscode/extensions/ms-toolsai.jupyter-2024.5.0-linux-x64/dist/extension.node.js:291:9975)
22:01:15.916 [info] Process Execution: /bin/python3 -c "import pip;print('6af208d0-cb9c-427f-b937-ff563e17efdf')"
22:01:15.923 [info] Process Execution: /bin/python3 -c "import jupyter;print('6af208d0-cb9c-427f-b937-ff563e17efdf')"
22:01:15.933 [info] Process Execution: /bin/python3 -c "import notebook;print('6af208d0-cb9c-427f-b937-ff563e17efdf')"
22:01:20.490 [info] Dispose Kernel '~/git/~ht.com/notebooks/pods2kubernetes/notebook.ipynb' associated with '~/git/~ht.com/notebooks/pods2kubernetes/notebook.ipynb'
22:01:20.491 [error] Error in execution Error: Jupyter cannot be started. Error attempting to locate Jupyter: Running cells with 'Python 3.11.2' requires the jupyter and notebook package.
    > at by.startServerImpl (/home/~/.vscode/extensions/ms-toolsai.jupyter-2024.5.0-linux-x64/dist/extension.node.js:291:9975)
22:01:20.493 [error] Error in execution (get message for cell) Error: Jupyter cannot be started. Error attempting to locate Jupyter: Running cells with 'Python 3.11.2' requires the jupyter and notebook package.
    > at by.startServerImpl (/home/~/.vscode/extensions/ms-toolsai.jupyter-2024.5.0-linux-x64/dist/extension.node.js:291:9975)
22:01:37.339 [info] Dispose Kernel '~/git/~ht.com/notebooks/pods2kubernetes/notebook.ipynb' associated with '~/git/~ht.com/notebooks/pods2kubernetes/notebook.ipynb'
