2024-06-24 07:43:39.535 [info] Reading sessions from keychain...
2024-06-24 07:43:39.535 [info] Getting sessions for all scopes...
2024-06-24 07:43:39.535 [info] Got stored sessions!
2024-06-24 07:43:39.535 [info] Got 1 verified sessions.
2024-06-24 07:43:39.535 [info] Got 1 sessions for ...
2024-06-24 07:43:39.535 [info] Getting sessions for read:user,repo,user:email...
2024-06-24 07:43:39.535 [info] Got 0 sessions for read:user,repo,user:email...
2024-06-24 07:43:39.535 [info] Getting sessions for read:user,repo,user:email,workflow...
2024-06-24 07:43:39.535 [info] Got 0 sessions for read:user,repo,user:email,workflow...
2024-06-24 07:43:39.535 [info] Getting sessions for read:user,repo,user:email,workflow...
2024-06-24 07:43:39.535 [info] Got 0 sessions for read:user,repo,user:email,workflow...
2024-06-24 07:43:39.535 [info] Getting sessions for read:user...
2024-06-24 07:43:39.535 [info] Got 0 sessions for read:user...
2024-06-24 07:43:39.535 [info] Getting sessions for user:email...
2024-06-24 07:43:39.535 [info] Got 1 sessions for user:email...
2024-06-24 07:43:39.560 [info] Getting sessions for read:user...
2024-06-24 07:43:39.560 [info] Got 0 sessions for read:user...
2024-06-24 07:43:39.588 [info] Getting sessions for all scopes...
2024-06-24 07:43:39.588 [info] Got 1 sessions for ...
2024-06-24 07:43:39.687 [info] Getting sessions for user:email...
2024-06-24 07:43:39.687 [info] Got 1 sessions for user:email...
2024-06-24 07:43:39.945 [info] Getting sessions for read:user,repo,user:email,workflow...
2024-06-24 07:43:39.945 [info] Got 0 sessions for read:user,repo,user:email,workflow...
2024-06-24 07:43:39.945 [info] Getting sessions for read:user...
2024-06-24 07:43:39.945 [info] Got 0 sessions for read:user...
2024-06-24 07:43:39.945 [info] Getting sessions for user:email...
2024-06-24 07:43:39.945 [info] Got 1 sessions for user:email...
2024-06-24 07:43:40.550 [info] Getting sessions for read:user,repo,user:email,workflow...
2024-06-24 07:43:40.550 [info] Got 0 sessions for read:user,repo,user:email,workflow...
2024-06-24 07:43:40.550 [info] Getting sessions for read:user...
2024-06-24 07:43:40.551 [info] Got 0 sessions for read:user...
2024-06-24 07:43:40.551 [info] Getting sessions for user:email...
2024-06-24 07:43:40.551 [info] Got 1 sessions for user:email...
