2024-06-24 07:43:39.081 [info] Experiment 'pythonCreateEnvOnPipInstall' is active
2024-06-24 07:43:39.081 [info] Experiment 'pythonRecommendTensorboardExt' is active
2024-06-24 07:43:39.081 [info] Experiment 'pythonSurveyNotificationcf' is active
2024-06-24 07:43:39.081 [info] Experiment 'pythonTerminalEnvVarActivation' is active
2024-06-24 07:43:39.081 [info] Experiment 'pythonTestAdapter' is active
2024-06-24 07:43:39.143 [info] Starting Environment refresh
2024-06-24 07:43:39.143 [info] Searching for interpreters in posix paths locator
2024-06-24 07:43:39.144 [info] Searching for pyenv environments
2024-06-24 07:43:39.144 [info] Searching for conda environments
2024-06-24 07:43:39.144 [info] Searching for global virtual environments
2024-06-24 07:43:39.144 [info] Searching for custom virtual environments
2024-06-24 07:43:39.159 [info] pyenv is not installed
2024-06-24 07:43:39.159 [info] Finished searching for pyenv environments: 16 milliseconds
2024-06-24 07:43:39.160 [info] Finished searching for custom virtual envs: 16 milliseconds
2024-06-24 07:43:39.172 [info] > conda info --json
2024-06-24 07:43:39.176 [info] Python interpreter path: /bin/python3
2024-06-24 07:43:39.208 [info] Finished searching for global virtual envs: 64 milliseconds
2024-06-24 07:43:39.463 [info] Found: /bin/python3 --> /bin/python3.11
2024-06-24 07:43:39.467 [info] Found: /bin/python3.11 --> /bin/python3.11
2024-06-24 07:43:39.612 [info] Found: /usr/bin/python3 --> /usr/bin/python3.11
2024-06-24 07:43:39.616 [info] Found: /usr/bin/python3.11 --> /usr/bin/python3.11
2024-06-24 07:43:39.630 [info] Found: /home/griffin/.guix-home/profile/bin/python3 --> /gnu/store/1w5v338qk5m8khcazwclprs3znqp6f7f-python-3.10.7/bin/python3.10
2024-06-24 07:43:39.630 [info] Found: /home/griffin/.guix-home/profile/bin/python3.10 --> /gnu/store/1w5v338qk5m8khcazwclprs3znqp6f7f-python-3.10.7/bin/python3.10
2024-06-24 07:43:39.650 [info] > /bin/python3 -I ~/.vscode/extensions/ms-python.python-2024.8.1/python_files/get_output_via_markers.py ~/.vscode/extensions/ms-python.python-2024.8.1/python_files/interpreterInfo.py
2024-06-24 07:43:39.697 [info] Finished searching for interpreters in posix paths locator: 546 milliseconds
2024-06-24 07:43:39.697 [info] > /usr/bin/python3 -I ~/.vscode/extensions/ms-python.python-2024.8.1/python_files/get_output_via_markers.py ~/.vscode/extensions/ms-python.python-2024.8.1/python_files/interpreterInfo.py
2024-06-24 07:43:39.828 [info] > ~/.guix-home/profile/bin/python3 -I ~/.vscode/extensions/ms-python.python-2024.8.1/python_files/get_output_via_markers.py ~/.vscode/extensions/ms-python.python-2024.8.1/python_files/interpreterInfo.py
2024-06-24 07:43:39.828 [info] Environments refresh paths discovered (event): 687 milliseconds
2024-06-24 07:43:39.828 [info] Environments refresh paths discovered: 687 milliseconds
2024-06-24 07:43:39.870 [info] Environments refresh finished (event): 728 milliseconds
2024-06-24 07:43:39.874 [info] Environment refresh took 734 milliseconds
2024-06-24 07:43:40.509 [warning] Shell integration may not be active, environment activated may be overridden by the shell.
2024-06-24 07:43:40.623 [info] Starting Pylance language server.
