2024-06-23 21:53:46.932 [info] Reading sessions from keychain...
2024-06-23 21:53:46.932 [info] Getting sessions for all scopes...
2024-06-23 21:53:46.932 [info] Got 0 sessions for ...
2024-06-23 21:53:47.104 [info] Getting sessions for read:user,repo,user:email...
2024-06-23 21:53:47.104 [info] Got 0 sessions for read:user,repo,user:email...
2024-06-23 21:53:47.106 [info] Getting sessions for all scopes...
2024-06-23 21:53:47.106 [info] Got 0 sessions for ...
2024-06-23 21:55:37.743 [info] Getting sessions for read:user,repo,user:email,workflow...
2024-06-23 21:55:37.743 [info] Got 0 sessions for read:user,repo,user:email,workflow...
2024-06-23 21:55:37.746 [info] Getting sessions for read:user,repo,user:email,workflow...
2024-06-23 21:55:37.746 [info] Got 0 sessions for read:user,repo,user:email,workflow...
2024-06-23 21:55:37.746 [info] Getting sessions for read:user...
2024-06-23 21:55:37.746 [info] Got 0 sessions for read:user...
2024-06-23 21:55:37.746 [info] Getting sessions for user:email...
2024-06-23 21:55:37.746 [info] Got 0 sessions for user:email...
2024-06-23 21:55:37.846 [info] Getting sessions for read:user...
2024-06-23 21:55:37.846 [info] Got 0 sessions for read:user...
2024-06-23 21:55:37.846 [info] Getting sessions for read:user,repo,user:email,workflow...
2024-06-23 21:55:37.846 [info] Got 0 sessions for read:user,repo,user:email,workflow...
2024-06-23 21:55:37.846 [info] Getting sessions for read:user...
2024-06-23 21:55:37.846 [info] Got 0 sessions for read:user...
2024-06-23 21:55:37.846 [info] Getting sessions for user:email...
2024-06-23 21:55:37.846 [info] Got 0 sessions for user:email...
2024-06-23 21:55:37.848 [info] Getting sessions for user:email...
2024-06-23 21:55:37.848 [info] Got 0 sessions for user:email...
2024-06-23 21:55:41.783 [info] Getting sessions for read:user,repo,user:email,workflow...
2024-06-23 21:55:41.783 [info] Got 0 sessions for read:user,repo,user:email,workflow...
2024-06-23 21:55:41.785 [info] Getting sessions for read:user...
2024-06-23 21:55:41.785 [info] Got 0 sessions for read:user...
2024-06-23 21:55:41.787 [info] Getting sessions for user:email...
2024-06-23 21:55:41.787 [info] Got 0 sessions for user:email...
2024-06-23 21:55:41.795 [info] Getting sessions for read:user,repo,user:email,workflow...
2024-06-23 21:55:41.796 [info] Got 0 sessions for read:user,repo,user:email,workflow...
2024-06-23 21:55:41.798 [info] Getting sessions for read:user...
2024-06-23 21:55:41.798 [info] Got 0 sessions for read:user...
2024-06-23 21:55:41.800 [info] Getting sessions for user:email...
2024-06-23 21:55:41.800 [info] Got 0 sessions for user:email...
2024-06-23 21:55:43.710 [info] Logging in for the following scopes: user:email
2024-06-23 21:55:43.721 [info] Trying without local server... (user:email)
2024-06-23 21:55:55.588 [error] User Cancelled
2024-06-23 21:55:58.300 [info] Trying with local server... (user:email)
2024-06-23 21:55:59.317 [info] Exchanging code for token...
2024-06-23 21:55:59.469 [info] Token exchange success!
2024-06-23 21:55:59.472 [info] Getting user info...
2024-06-23 21:55:59.650 [info] Got account info!
2024-06-23 21:55:59.651 [info] Storing 1 sessions...
2024-06-23 21:55:59.654 [info] Reading sessions from keychain...
2024-06-23 21:55:59.655 [info] Stored 1 sessions!
2024-06-23 21:55:59.655 [info] Login success!
2024-06-23 21:55:59.701 [info] Got stored sessions!
2024-06-23 21:55:59.701 [info] Got 1 verified sessions.
2024-06-23 21:55:59.702 [info] Getting sessions for read:user,repo,user:email...
2024-06-23 21:55:59.702 [info] Got 0 sessions for read:user,repo,user:email...
2024-06-23 21:55:59.702 [info] Getting sessions for read:user,repo,user:email,workflow...
2024-06-23 21:55:59.702 [info] Got 0 sessions for read:user,repo,user:email,workflow...
2024-06-23 21:55:59.702 [info] Getting sessions for read:user,repo,user:email,workflow...
2024-06-23 21:55:59.702 [info] Got 0 sessions for read:user,repo,user:email,workflow...
2024-06-23 21:55:59.702 [info] Getting sessions for read:user...
2024-06-23 21:55:59.702 [info] Got 0 sessions for read:user...
2024-06-23 21:55:59.703 [info] Getting sessions for user:email...
2024-06-23 21:55:59.703 [info] Got 1 sessions for user:email...
2024-06-23 21:55:59.709 [info] Getting sessions for read:user,repo,user:email...
2024-06-23 21:55:59.710 [info] Got 0 sessions for read:user,repo,user:email...
2024-06-23 21:55:59.710 [info] Getting sessions for read:user...
2024-06-23 21:55:59.710 [info] Got 0 sessions for read:user...
2024-06-23 21:55:59.710 [info] Getting sessions for read:user,repo,user:email,workflow...
2024-06-23 21:55:59.710 [info] Got 0 sessions for read:user,repo,user:email,workflow...
2024-06-23 21:55:59.710 [info] Getting sessions for read:user...
2024-06-23 21:55:59.711 [info] Got 0 sessions for read:user...
2024-06-23 21:55:59.713 [info] Getting sessions for user:email...
2024-06-23 21:55:59.713 [info] Got 1 sessions for user:email...
2024-06-23 21:55:59.811 [info] Getting sessions for user:email...
2024-06-23 21:55:59.811 [info] Got 1 sessions for user:email...
2024-06-23 21:55:59.812 [info] Getting sessions for read:user,repo,user:email,workflow...
2024-06-23 21:55:59.812 [info] Got 0 sessions for read:user,repo,user:email,workflow...
2024-06-23 21:55:59.813 [info] Getting sessions for read:user...
2024-06-23 21:55:59.813 [info] Got 0 sessions for read:user...
2024-06-23 21:55:59.814 [info] Getting sessions for user:email...
2024-06-23 21:55:59.814 [info] Got 1 sessions for user:email...
2024-06-23 21:56:00.105 [info] Getting sessions for read:user,repo,user:email,workflow...
2024-06-23 21:56:00.105 [info] Got 0 sessions for read:user,repo,user:email,workflow...
2024-06-23 21:56:00.105 [info] Getting sessions for read:user...
2024-06-23 21:56:00.105 [info] Got 0 sessions for read:user...
2024-06-23 21:56:00.105 [info] Getting sessions for user:email...
2024-06-23 21:56:00.105 [info] Got 1 sessions for user:email...
2024-06-23 21:56:00.273 [info] Getting sessions for read:user,repo,user:email,workflow...
2024-06-23 21:56:00.273 [info] Got 0 sessions for read:user,repo,user:email,workflow...
2024-06-23 21:56:00.274 [info] Getting sessions for read:user...
2024-06-23 21:56:00.274 [info] Got 0 sessions for read:user...
2024-06-23 21:56:00.274 [info] Getting sessions for user:email...
2024-06-23 21:56:00.274 [info] Got 1 sessions for user:email...
