2024-06-23 22:01:49.084 [info] Reading sessions from keychain...
2024-06-23 22:01:49.084 [info] Getting sessions for all scopes...
2024-06-23 22:01:49.195 [info] Got stored sessions!
2024-06-23 22:01:49.195 [info] Got 1 verified sessions.
2024-06-23 22:01:49.195 [info] Got 1 sessions for ...
2024-06-23 22:01:49.227 [info] Getting sessions for read:user,repo,user:email...
2024-06-23 22:01:49.227 [info] Got 0 sessions for read:user,repo,user:email...
2024-06-23 22:01:49.227 [info] Getting sessions for read:user,repo,user:email,workflow...
2024-06-23 22:01:49.227 [info] Got 0 sessions for read:user,repo,user:email,workflow...
2024-06-23 22:01:49.227 [info] Getting sessions for read:user,repo,user:email,workflow...
2024-06-23 22:01:49.227 [info] Got 0 sessions for read:user,repo,user:email,workflow...
2024-06-23 22:01:49.227 [info] Getting sessions for read:user...
2024-06-23 22:01:49.227 [info] Got 0 sessions for read:user...
2024-06-23 22:01:49.227 [info] Getting sessions for user:email...
2024-06-23 22:01:49.228 [info] Got 1 sessions for user:email...
2024-06-23 22:01:49.319 [info] Getting sessions for read:user...
2024-06-23 22:01:49.319 [info] Got 0 sessions for read:user...
2024-06-23 22:01:49.376 [info] Getting sessions for user:email...
2024-06-23 22:01:49.376 [info] Got 1 sessions for user:email...
2024-06-23 22:01:49.670 [info] Getting sessions for read:user,repo,user:email,workflow...
2024-06-23 22:01:49.670 [info] Got 0 sessions for read:user,repo,user:email,workflow...
2024-06-23 22:01:49.670 [info] Getting sessions for read:user...
2024-06-23 22:01:49.670 [info] Got 0 sessions for read:user...
2024-06-23 22:01:49.670 [info] Getting sessions for user:email...
2024-06-23 22:01:49.670 [info] Got 1 sessions for user:email...
2024-06-23 22:01:50.363 [info] Getting sessions for read:user,repo,user:email,workflow...
2024-06-23 22:01:50.363 [info] Got 0 sessions for read:user,repo,user:email,workflow...
2024-06-23 22:01:50.363 [info] Getting sessions for read:user...
2024-06-23 22:01:50.363 [info] Got 0 sessions for read:user...
2024-06-23 22:01:50.363 [info] Getting sessions for user:email...
2024-06-23 22:01:50.363 [info] Got 1 sessions for user:email...
