2024-06-24 07:53:54.129 [info] Experiment 'pythonCreateEnvOnPipInstall' is active
2024-06-24 07:53:54.129 [info] Experiment 'pythonRecommendTensorboardExt' is active
2024-06-24 07:53:54.129 [info] Experiment 'pythonSurveyNotificationcf' is active
2024-06-24 07:53:54.129 [info] Experiment 'pythonTerminalEnvVarActivation' is active
2024-06-24 07:53:54.129 [info] Experiment 'pythonTestAdapter' is active
2024-06-24 07:53:54.129 [info] Starting Environment refresh
2024-06-24 07:53:54.129 [info] Searching for interpreters in posix paths locator
2024-06-24 07:53:54.129 [info] Searching for pyenv environments
2024-06-24 07:53:54.129 [info] Searching for conda environments
2024-06-24 07:53:54.129 [info] Searching for global virtual environments
2024-06-24 07:53:54.129 [info] Searching for custom virtual environments
2024-06-24 07:53:54.129 [info] pyenv is not installed
2024-06-24 07:53:54.129 [info] Finished searching for pyenv environments: 29 milliseconds
2024-06-24 07:53:54.129 [info] Finished searching for custom virtual envs: 30 milliseconds
2024-06-24 07:53:54.129 [info] > conda info --json
2024-06-24 07:53:54.129 [info] Python interpreter path: /bin/python3
2024-06-24 07:53:54.129 [info] Finished searching for global virtual envs: 66 milliseconds
2024-06-24 07:53:54.130 [info] Found: /bin/python3 --> /bin/python3.11
2024-06-24 07:53:54.149 [info] Found: /bin/python3.11 --> /bin/python3.11
2024-06-24 07:53:54.174 [info] Found: /usr/bin/python3 --> /usr/bin/python3.11
2024-06-24 07:53:54.174 [info] Found: /usr/bin/python3.11 --> /usr/bin/python3.11
2024-06-24 07:53:54.215 [info] Found: /home/griffin/.guix-home/profile/bin/python3 --> /gnu/store/1w5v338qk5m8khcazwclprs3znqp6f7f-python-3.10.7/bin/python3.10
2024-06-24 07:53:54.215 [info] Found: /home/griffin/.guix-home/profile/bin/python3.10 --> /gnu/store/1w5v338qk5m8khcazwclprs3znqp6f7f-python-3.10.7/bin/python3.10
2024-06-24 07:53:54.233 [info] > /bin/python3 -I ~/.vscode/extensions/ms-python.python-2024.8.1/python_files/get_output_via_markers.py ~/.vscode/extensions/ms-python.python-2024.8.1/python_files/interpreterInfo.py
2024-06-24 07:53:54.252 [info] Finished searching for interpreters in posix paths locator: 477 milliseconds
2024-06-24 07:53:54.252 [info] > /usr/bin/python3 -I ~/.vscode/extensions/ms-python.python-2024.8.1/python_files/get_output_via_markers.py ~/.vscode/extensions/ms-python.python-2024.8.1/python_files/interpreterInfo.py
2024-06-24 07:53:54.259 [info] Environments refresh paths discovered (event): 495 milliseconds
2024-06-24 07:53:54.259 [info] Environments refresh paths discovered: 495 milliseconds
2024-06-24 07:53:54.296 [info] > ~/.guix-home/profile/bin/python3 -I ~/.vscode/extensions/ms-python.python-2024.8.1/python_files/get_output_via_markers.py ~/.vscode/extensions/ms-python.python-2024.8.1/python_files/interpreterInfo.py
2024-06-24 07:53:54.337 [info] Environments refresh finished (event): 573 milliseconds
2024-06-24 07:53:54.342 [info] Environment refresh took 579 milliseconds
2024-06-24 07:53:55.088 [warning] Shell integration may not be active, environment activated may be overridden by the shell.
2024-06-24 07:53:55.364 [info] Starting Pylance language server.
